<?xml version="1.0" encoding="UTF-8"?>
<!-- Generated by org.testng.reporters.JUnitXMLReporter -->
<testsuite ignored="0" hostname="DESKTOP-T1KV3L6" failures="1" tests="70" name="Surefire test" time="0.125" errors="0" timestamp="2025-07-26T00:33:04 GET">
  <testcase classname="basis.ConcatenationAndBonusTest" name="positiveTest" time="0.009"/>
  <testcase classname="basis.ConcatenationAndBonusTest" name="positiveTest" time="0.0"/>
  <testcase classname="basis.ConcatenationAndMultiplyTest" name="positiveTest" time="0.001"/>
  <testcase classname="basis.ConcatenationAndMultiplyTest" name="positiveTest" time="0.0"/>
  <testcase classname="basis.PrintWithDeleteSeparationTest" name="positiveTest_WithSpaseAndSymbol" time="0.0"/>
  <testcase classname="basis.ReadInputTest" name="testReadInput_EmptyString" time="0.001"/>
  <testcase classname="basis.ReadInputTest" name="testReadInput_SingleLine" time="0.001"/>
  <testcase classname="basis.ReadInputTest" name="testReadInput_WithSpaces" time="0.0"/>
  <testcase classname="managerStruct.DefineEvenAndSixTest" name="positiveTest" time="0.008"/>
  <testcase classname="managerStruct.DefineEvenAndSixTest" name="positiveTest" time="0.001"/>
  <testcase classname="managerStruct.DefineEvenAndSixTest" name="positiveTest" time="0.001"/>
  <testcase classname="managerStruct.DefineMaxNumberTest" name="positiveTest" time="0.002"/>
  <testcase classname="managerStruct.DefineMaxNumberTest" name="positiveTest" time="0.001"/>
  <testcase classname="managerStruct.DefineNotEvenAndSevenTest" name="positiveTest" time="0.001">
    <failure type="org.testng.internal.reflect.MethodMatcherException" message="
[public void managerStruct.DefineNotEvenAndSevenTest.positiveTest(int,java.lang.Boolean)] has no parameters defined but was found to be using a data provider (either explicitly specified or inherited from class level annotation).
Data provider mismatch
Method: positiveTest([int arg0, java.lang.Boolean arg1])
Arguments: [(java.lang.String) 7,(java.lang.Boolean) true]">
      <![CDATA[org.testng.internal.reflect.MethodMatcherException: 
[public void managerStruct.DefineNotEvenAndSevenTest.positiveTest(int,java.lang.Boolean)] has no parameters defined but was found to be using a data provider (either explicitly specified or inherited from class level annotation).
Data provider mismatch
Method: positiveTest([int arg0, java.lang.Boolean arg1])
Arguments: [(java.lang.String) 7,(java.lang.Boolean) true]
at java.base/java.util.ArrayList.forEach(ArrayList.java:1511)
... Removed 27 stack frames]]>
    </failure>
  </testcase> <!-- positiveTest -->
  <testcase classname="managerStruct.defineNumberIsNegativeTest" name="directTest" time="0.0"/>
  <testcase classname="managerStruct.defineNumberIsNegativeTest" name="directTest" time="0.0"/>
  <testcase classname="managerStruct.defineNumberIsNegativeTest" name="directTest" time="0.0"/>
  <testcase classname="managerStruct.defineNumberIsNegativeTest" name="inputNotNumber" time="0.0"/>
  <testcase classname="managerStruct.DirectionPlayerTest" name="emptyInputTest" time="0.0"/>
  <testcase classname="managerStruct.DirectionPlayerTest" name="negativeTest_inputNotNumber" time="0.004"/>
  <testcase classname="managerStruct.DirectionPlayerTest" name="negativeTest_inputNotNumber" time="0.0"/>
  <testcase classname="managerStruct.DirectionPlayerTest" name="negativeTest_inputNotNumber" time="0.0"/>
  <testcase classname="managerStruct.DirectionPlayerTest" name="validTest_insideSquare" time="0.001"/>
  <testcase classname="managerStruct.DirectionPlayerTest" name="validTest_insideSquare" time="0.001"/>
  <testcase classname="managerStruct.DirectionPlayerTest" name="validTest_insideSquare" time="0.0"/>
  <testcase classname="managerStruct.DirectionPlayerTest" name="validTest_insideSquare" time="0.0"/>
  <testcase classname="managerStruct.MultiplyOddUpToTest" name="directCheck" time="0.001"/>
  <testcase classname="managerStruct.MultiplyOddUpToTest" name="directCheck" time="0.0"/>
  <testcase classname="managerStruct.MultiplyOddUpToTest" name="directCheck" time="0.0"/>
  <testcase classname="managerStruct.MultiplyOddUpToTest" name="directCheck" time="0.0"/>
  <testcase classname="managerStruct.MultiplyOddUpToTest" name="inputNotValidData" time="0.0"/>
  <testcase classname="managerStruct.MultiplyOddUpToTest" name="inputNotValidData" time="0.0"/>
  <testcase classname="managerStruct.MultiplyOddUpToTest" name="inputNotValidData" time="0.001"/>
  <testcase classname="managerStruct.PrintStarsTest" name="positiveTest" time="0.0"/>
  <testcase classname="managerStruct.PrintStarsTest" name="positiveTest" time="0.001"/>
  <testcase classname="managerStruct.PrintStarsTest" name="positiveTest" time="0.0"/>
  <testcase classname="managerStruct.SumAllNotEvenNumberTest" name="directCheck" time="0.0"/>
  <testcase classname="managerStruct.SumAllNotEvenNumberTest" name="directCheck" time="0.001"/>
  <testcase classname="managerStruct.SumAllNotEvenNumberTest" name="inputNotValidData" time="0.0"/>
  <testcase classname="managerStruct.SumAllNotEvenNumberTest" name="inputNotValidData" time="0.0"/>
  <testcase classname="managerStruct.SumAllNotEvenNumberTest" name="inputNotValidData" time="0.0"/>
  <testcase classname="operators.AdditionalTwoNumberTest" name="positiveTest" time="0.005"/>
  <testcase classname="operators.DefineGroupAgeTest" name="positiveTest" time="0.0"/>
  <testcase classname="operators.DefineGroupAgeTest" name="positiveTest" time="0.0"/>
  <testcase classname="operators.DefineGroupAgeTest" name="positiveTest" time="0.001"/>
  <testcase classname="operators.DivisionTwoNumberTest" name="divideByZeroThrows" time="0.001"/>
  <testcase classname="operators.DivisionTwoNumberTest" name="positiveTest" time="0.0"/>
  <testcase classname="operators.DivisionTwoNumberTest" name="positiveTest" time="0.0"/>
  <testcase classname="operators.DoAdditionalOrDivisionTest" name="positiveTest" time="0.0"/>
  <testcase classname="operators.DoAdditionalOrDivisionTest" name="positiveTest" time="0.001"/>
  <testcase classname="operators.DoAdditionalOrDivisionTest" name="testWithMissSign" time="0.0"/>
  <testcase classname="operators.DoMultiplyOrDivisionTest" name="divisionByZeroTest" time="0.0"/>
  <testcase classname="operators.DoMultiplyOrDivisionTest" name="positiveTest" time="0.001"/>
  <testcase classname="operators.DoMultiplyOrDivisionTest" name="positiveTest" time="0.0"/>
  <testcase classname="operators.DoMultiplyOrDivisionTest" name="testReadInput_wrongSign" time="0.001"/>
  <testcase classname="operators.DoMultiplyOrDivisionTest" name="testWithMissSign" time="0.001"/>
  <testcase classname="operators.EqualTwoNumberTest" name="positiveTest" time="0.0"/>
  <testcase classname="operators.EqualTwoNumberTest" name="positiveTest" time="0.0"/>
  <testcase classname="operators.MultiplyTwoNumberTest" name="positiveTest" time="0.001"/>
  <testcase classname="operators.MultiplyTwoNumberTest" name="positiveTest" time="0.0"/>
  <testcase classname="operators.RemainderByDivisionTest" name="positiveTest" time="0.0"/>
  <testcase classname="operators.RemainderByDivisionTest" name="positiveTest" time="0.001"/>
  <testcase classname="operators.ResultMyRoleTest" name="positiveTest" time="0.001"/>
  <testcase classname="operators.ResultMyRoleTest" name="positiveTest" time="0.001"/>
  <testcase classname="operators.ResultMyRoleTest" name="positiveTest" time="0.0"/>
  <testcase classname="operators.ResultMyRoleTest" name="positiveTest" time="0.0"/>
  <testcase classname="operators.SubtractionTwoNumberTest" name="positiveTest" time="0.0"/>
  <testcase classname="operators.SubtractionTwoNumberTest" name="positiveTest" time="0.0"/>
  <testcase classname="operators.TranslateMinPerSecTest" name="positiveTest" time="0.001"/>
  <testcase classname="operators.TranslateMinPerSecTest" name="positiveTest" time="0.0"/>
</testsuite> <!-- Surefire test -->
