<?xml version="1.0" encoding="UTF-8"?>
<testng-results ignored="0" total="70" passed="69" failed="1" skipped="0">
  <reporter-output>
  </reporter-output>
  <suite started-at="2025-07-26T00:33:04 GET" name="Surefire suite" finished-at="2025-07-26T00:33:04 GET" duration-ms="125">
    <groups>
      <group name="negative">
        <method signature="MultiplyOddUpToTest.inputNotValidData(java.lang.String,java.lang.String)[pri:0, instance:managerStruct.MultiplyOddUpToTest@33afa13b]" name="inputNotValidData" class="managerStruct.MultiplyOddUpToTest"/>
        <method signature="SumAllNotEvenNumberTest.inputNotValidData(java.lang.String,java.lang.String)[pri:0, instance:managerStruct.SumAllNotEvenNumberTest@309e345f]" name="inputNotValidData" class="managerStruct.SumAllNotEvenNumberTest"/>
        <method signature="DoMultiplyOrDivisionTest.testReadInput_wrongSign()[pri:0, instance:operators.DoMultiplyOrDivisionTest@25d250c6]" name="testReadInput_wrongSign" class="operators.DoMultiplyOrDivisionTest"/>
      </group> <!-- negative -->
      <group name="Negative">
        <method signature="defineNumberIsNegativeTest.inputNotNumber()[pri:0, instance:managerStruct.defineNumberIsNegativeTest@229d10bd]" name="inputNotNumber" class="managerStruct.defineNumberIsNegativeTest"/>
      </group> <!-- Negative -->
      <group name="Positive">
        <method signature="defineNumberIsNegativeTest.directTest(java.lang.String,java.lang.String)[pri:0, instance:managerStruct.defineNumberIsNegativeTest@229d10bd]" name="directTest" class="managerStruct.defineNumberIsNegativeTest"/>
      </group> <!-- Positive -->
      <group name="positive">
        <method signature="MultiplyOddUpToTest.directCheck(java.lang.String,java.lang.String)[pri:0, instance:managerStruct.MultiplyOddUpToTest@33afa13b]" name="directCheck" class="managerStruct.MultiplyOddUpToTest"/>
        <method signature="SumAllNotEvenNumberTest.directCheck(java.lang.String,java.lang.String)[pri:0, instance:managerStruct.SumAllNotEvenNumberTest@309e345f]" name="directCheck" class="managerStruct.SumAllNotEvenNumberTest"/>
      </group> <!-- positive -->
    </groups>
    <test started-at="2025-07-26T00:33:04 GET" name="Surefire test" finished-at="2025-07-26T00:33:04 GET" duration-ms="125">
      <class name="managerStruct.MultiplyOddUpToTest">
        <test-method signature="directCheck(java.lang.String,java.lang.String)[pri:0, instance:managerStruct.MultiplyOddUpToTest@33afa13b]" started-at="2025-07-26T00:33:04 GET" name="directCheck" data-provider="validData" finished-at="2025-07-26T00:33:04 GET" duration-ms="1" status="PASS">
          <params>
            <param index="0">
              <value>
                <![CDATA[3]]>
              </value>
            </param>
            <param index="1">
              <value>
                <![CDATA[3]]>
              </value>
            </param>
          </params>
          <reporter-output>
          </reporter-output>
        </test-method> <!-- directCheck -->
        <test-method is-config="true" signature="setUpStream()[pri:0, instance:managerStruct.MultiplyOddUpToTest@33afa13b]" started-at="2025-07-26T00:33:04 GET" name="setUpStream" finished-at="2025-07-26T00:33:04 GET" duration-ms="0" status="PASS">
          <reporter-output>
          </reporter-output>
        </test-method> <!-- setUpStream -->
        <test-method signature="directCheck(java.lang.String,java.lang.String)[pri:0, instance:managerStruct.MultiplyOddUpToTest@33afa13b]" started-at="2025-07-26T00:33:04 GET" name="directCheck" data-provider="validData" finished-at="2025-07-26T00:33:04 GET" duration-ms="0" status="PASS">
          <params>
            <param index="0">
              <value>
                <![CDATA[5]]>
              </value>
            </param>
            <param index="1">
              <value>
                <![CDATA[15]]>
              </value>
            </param>
          </params>
          <reporter-output>
          </reporter-output>
        </test-method> <!-- directCheck -->
        <test-method is-config="true" signature="restoreStream()[pri:0, instance:managerStruct.MultiplyOddUpToTest@33afa13b]" started-at="2025-07-26T00:33:04 GET" name="restoreStream" finished-at="2025-07-26T00:33:04 GET" duration-ms="0" status="PASS">
          <reporter-output>
          </reporter-output>
        </test-method> <!-- restoreStream -->
        <test-method is-config="true" signature="setUpStream()[pri:0, instance:managerStruct.MultiplyOddUpToTest@33afa13b]" started-at="2025-07-26T00:33:04 GET" name="setUpStream" finished-at="2025-07-26T00:33:04 GET" duration-ms="0" status="PASS">
          <reporter-output>
          </reporter-output>
        </test-method> <!-- setUpStream -->
        <test-method signature="directCheck(java.lang.String,java.lang.String)[pri:0, instance:managerStruct.MultiplyOddUpToTest@33afa13b]" started-at="2025-07-26T00:33:04 GET" name="directCheck" data-provider="validData" finished-at="2025-07-26T00:33:04 GET" duration-ms="0" status="PASS">
          <params>
            <param index="0">
              <value>
                <![CDATA[7]]>
              </value>
            </param>
            <param index="1">
              <value>
                <![CDATA[105]]>
              </value>
            </param>
          </params>
          <reporter-output>
          </reporter-output>
        </test-method> <!-- directCheck -->
        <test-method signature="directCheck(java.lang.String,java.lang.String)[pri:0, instance:managerStruct.MultiplyOddUpToTest@33afa13b]" started-at="2025-07-26T00:33:04 GET" name="directCheck" data-provider="validData" finished-at="2025-07-26T00:33:04 GET" duration-ms="0" status="PASS">
          <params>
            <param index="0">
              <value>
                <![CDATA[8]]>
              </value>
            </param>
            <param index="1">
              <value>
                <![CDATA[105]]>
              </value>
            </param>
          </params>
          <reporter-output>
          </reporter-output>
        </test-method> <!-- directCheck -->
        <test-method is-config="true" signature="restoreStream()[pri:0, instance:managerStruct.MultiplyOddUpToTest@33afa13b]" started-at="2025-07-26T00:33:04 GET" name="restoreStream" finished-at="2025-07-26T00:33:04 GET" duration-ms="0" status="PASS">
          <reporter-output>
          </reporter-output>
        </test-method> <!-- restoreStream -->
        <test-method is-config="true" signature="restoreStream()[pri:0, instance:managerStruct.MultiplyOddUpToTest@33afa13b]" started-at="2025-07-26T00:33:04 GET" name="restoreStream" finished-at="2025-07-26T00:33:04 GET" duration-ms="1" status="PASS">
          <reporter-output>
          </reporter-output>
        </test-method> <!-- restoreStream -->
        <test-method is-config="true" signature="setUpStream()[pri:0, instance:managerStruct.MultiplyOddUpToTest@33afa13b]" started-at="2025-07-26T00:33:04 GET" name="setUpStream" finished-at="2025-07-26T00:33:04 GET" duration-ms="0" status="PASS">
          <reporter-output>
          </reporter-output>
        </test-method> <!-- setUpStream -->
        <test-method is-config="true" signature="setUpStream()[pri:0, instance:managerStruct.MultiplyOddUpToTest@33afa13b]" started-at="2025-07-26T00:33:04 GET" name="setUpStream" finished-at="2025-07-26T00:33:04 GET" duration-ms="0" status="PASS">
          <reporter-output>
          </reporter-output>
        </test-method> <!-- setUpStream -->
        <test-method is-config="true" signature="restoreStream()[pri:0, instance:managerStruct.MultiplyOddUpToTest@33afa13b]" started-at="2025-07-26T00:33:04 GET" name="restoreStream" finished-at="2025-07-26T00:33:04 GET" duration-ms="0" status="PASS">
          <reporter-output>
          </reporter-output>
        </test-method> <!-- restoreStream -->
        <test-method signature="inputNotValidData(java.lang.String,java.lang.String)[pri:0, instance:managerStruct.MultiplyOddUpToTest@33afa13b]" started-at="2025-07-26T00:33:04 GET" name="inputNotValidData" data-provider="notValidData" finished-at="2025-07-26T00:33:04 GET" duration-ms="0" status="PASS">
          <params>
            <param index="0">
              <value>
                <![CDATA[one]]>
              </value>
            </param>
            <param index="1">
              <value>
                <![CDATA[Input a string]]>
              </value>
            </param>
          </params>
          <reporter-output>
          </reporter-output>
        </test-method> <!-- inputNotValidData -->
        <test-method is-config="true" signature="setUpStream()[pri:0, instance:managerStruct.MultiplyOddUpToTest@33afa13b]" started-at="2025-07-26T00:33:04 GET" name="setUpStream" finished-at="2025-07-26T00:33:04 GET" duration-ms="0" status="PASS">
          <reporter-output>
          </reporter-output>
        </test-method> <!-- setUpStream -->
        <test-method signature="inputNotValidData(java.lang.String,java.lang.String)[pri:0, instance:managerStruct.MultiplyOddUpToTest@33afa13b]" started-at="2025-07-26T00:33:04 GET" name="inputNotValidData" data-provider="notValidData" finished-at="2025-07-26T00:33:04 GET" duration-ms="1" status="PASS">
          <params>
            <param index="0">
              <value>
                <![CDATA[-7]]>
              </value>
            </param>
            <param index="1">
              <value>
                <![CDATA[Number must be positive]]>
              </value>
            </param>
          </params>
          <reporter-output>
          </reporter-output>
        </test-method> <!-- inputNotValidData -->
        <test-method signature="inputNotValidData(java.lang.String,java.lang.String)[pri:0, instance:managerStruct.MultiplyOddUpToTest@33afa13b]" started-at="2025-07-26T00:33:04 GET" name="inputNotValidData" data-provider="notValidData" finished-at="2025-07-26T00:33:04 GET" duration-ms="0" status="PASS">
          <params>
            <param index="0">
              <value>
                <![CDATA[
]]>
              </value>
            </param>
            <param index="1">
              <value>
                <![CDATA[Input empty string]]>
              </value>
            </param>
          </params>
          <reporter-output>
          </reporter-output>
        </test-method> <!-- inputNotValidData -->
        <test-method is-config="true" signature="restoreStream()[pri:0, instance:managerStruct.MultiplyOddUpToTest@33afa13b]" started-at="2025-07-26T00:33:04 GET" name="restoreStream" finished-at="2025-07-26T00:33:04 GET" duration-ms="0" status="PASS">
          <reporter-output>
          </reporter-output>
        </test-method> <!-- restoreStream -->
        <test-method is-config="true" signature="restoreStream()[pri:0, instance:managerStruct.MultiplyOddUpToTest@33afa13b]" started-at="2025-07-26T00:33:04 GET" name="restoreStream" finished-at="2025-07-26T00:33:04 GET" duration-ms="0" status="PASS">
          <reporter-output>
          </reporter-output>
        </test-method> <!-- restoreStream -->
        <test-method is-config="true" signature="setUpStream()[pri:0, instance:managerStruct.MultiplyOddUpToTest@33afa13b]" started-at="2025-07-26T00:33:04 GET" name="setUpStream" finished-at="2025-07-26T00:33:04 GET" duration-ms="0" status="PASS">
          <reporter-output>
          </reporter-output>
        </test-method> <!-- setUpStream -->
        <test-method is-config="true" signature="setUpStream()[pri:0, instance:managerStruct.MultiplyOddUpToTest@33afa13b]" started-at="2025-07-26T00:33:04 GET" name="setUpStream" finished-at="2025-07-26T00:33:04 GET" duration-ms="0" status="PASS">
          <reporter-output>
          </reporter-output>
        </test-method> <!-- setUpStream -->
        <test-method is-config="true" signature="restoreStream()[pri:0, instance:managerStruct.MultiplyOddUpToTest@33afa13b]" started-at="2025-07-26T00:33:04 GET" name="restoreStream" finished-at="2025-07-26T00:33:04 GET" duration-ms="0" status="PASS">
          <reporter-output>
          </reporter-output>
        </test-method> <!-- restoreStream -->
      </class> <!-- managerStruct.MultiplyOddUpToTest -->
      <class name="managerStruct.DirectionPlayerTest">
        <test-method signature="emptyInputTest()[pri:0, instance:managerStruct.DirectionPlayerTest@47542153]" started-at="2025-07-26T00:33:04 GET" name="emptyInputTest" finished-at="2025-07-26T00:33:04 GET" duration-ms="0" status="PASS">
          <reporter-output>
          </reporter-output>
        </test-method> <!-- emptyInputTest -->
        <test-method is-config="true" signature="restoreStream()[pri:0, instance:managerStruct.DirectionPlayerTest@47542153]" started-at="2025-07-26T00:33:04 GET" name="restoreStream" finished-at="2025-07-26T00:33:04 GET" duration-ms="0" status="PASS">
          <reporter-output>
          </reporter-output>
        </test-method> <!-- restoreStream -->
        <test-method is-config="true" signature="setUpStream()[pri:0, instance:managerStruct.DirectionPlayerTest@47542153]" started-at="2025-07-26T00:33:04 GET" name="setUpStream" finished-at="2025-07-26T00:33:04 GET" duration-ms="0" status="PASS">
          <reporter-output>
          </reporter-output>
        </test-method> <!-- setUpStream -->
        <test-method is-config="true" signature="setUpStream()[pri:0, instance:managerStruct.DirectionPlayerTest@47542153]" started-at="2025-07-26T00:33:04 GET" name="setUpStream" finished-at="2025-07-26T00:33:04 GET" duration-ms="0" status="PASS">
          <reporter-output>
          </reporter-output>
        </test-method> <!-- setUpStream -->
        <test-method signature="negativeTest_inputNotNumber(java.lang.String)[pri:0, instance:managerStruct.DirectionPlayerTest@47542153]" started-at="2025-07-26T00:33:04 GET" name="negativeTest_inputNotNumber" data-provider="inputNotValidData" finished-at="2025-07-26T00:33:04 GET" duration-ms="4" status="PASS">
          <params>
            <param index="0">
              <value>
                <![CDATA[99 one up]]>
              </value>
            </param>
          </params>
          <reporter-output>
          </reporter-output>
        </test-method> <!-- negativeTest_inputNotNumber -->
        <test-method signature="negativeTest_inputNotNumber(java.lang.String)[pri:0, instance:managerStruct.DirectionPlayerTest@47542153]" started-at="2025-07-26T00:33:04 GET" name="negativeTest_inputNotNumber" data-provider="inputNotValidData" finished-at="2025-07-26T00:33:04 GET" duration-ms="0" status="PASS">
          <params>
            <param index="0">
              <value>
                <![CDATA[two 12 down]]>
              </value>
            </param>
          </params>
          <reporter-output>
          </reporter-output>
        </test-method> <!-- negativeTest_inputNotNumber -->
        <test-method is-config="true" signature="restoreStream()[pri:0, instance:managerStruct.DirectionPlayerTest@47542153]" started-at="2025-07-26T00:33:04 GET" name="restoreStream" finished-at="2025-07-26T00:33:04 GET" duration-ms="0" status="PASS">
          <reporter-output>
          </reporter-output>
        </test-method> <!-- restoreStream -->
        <test-method is-config="true" signature="setUpStream()[pri:0, instance:managerStruct.DirectionPlayerTest@47542153]" started-at="2025-07-26T00:33:04 GET" name="setUpStream" finished-at="2025-07-26T00:33:04 GET" duration-ms="0" status="PASS">
          <reporter-output>
          </reporter-output>
        </test-method> <!-- setUpStream -->
        <test-method signature="negativeTest_inputNotNumber(java.lang.String)[pri:0, instance:managerStruct.DirectionPlayerTest@47542153]" started-at="2025-07-26T00:33:04 GET" name="negativeTest_inputNotNumber" data-provider="inputNotValidData" finished-at="2025-07-26T00:33:04 GET" duration-ms="0" status="PASS">
          <params>
            <param index="0">
              <value>
                <![CDATA[99 12 revert]]>
              </value>
            </param>
          </params>
          <reporter-output>
          </reporter-output>
        </test-method> <!-- negativeTest_inputNotNumber -->
        <test-method is-config="true" signature="setUpStream()[pri:0, instance:managerStruct.DirectionPlayerTest@47542153]" started-at="2025-07-26T00:33:04 GET" name="setUpStream" finished-at="2025-07-26T00:33:04 GET" duration-ms="0" status="PASS">
          <reporter-output>
          </reporter-output>
        </test-method> <!-- setUpStream -->
        <test-method is-config="true" signature="restoreStream()[pri:0, instance:managerStruct.DirectionPlayerTest@47542153]" started-at="2025-07-26T00:33:04 GET" name="restoreStream" finished-at="2025-07-26T00:33:04 GET" duration-ms="0" status="PASS">
          <reporter-output>
          </reporter-output>
        </test-method> <!-- restoreStream -->
        <test-method is-config="true" signature="restoreStream()[pri:0, instance:managerStruct.DirectionPlayerTest@47542153]" started-at="2025-07-26T00:33:04 GET" name="restoreStream" finished-at="2025-07-26T00:33:04 GET" duration-ms="0" status="PASS">
          <reporter-output>
          </reporter-output>
        </test-method> <!-- restoreStream -->
        <test-method signature="validTest_insideSquare(java.lang.String,java.lang.String,java.lang.String)[pri:0, instance:managerStruct.DirectionPlayerTest@47542153]" started-at="2025-07-26T00:33:04 GET" name="validTest_insideSquare" data-provider="validData" finished-at="2025-07-26T00:33:04 GET" duration-ms="1" status="PASS">
          <params>
            <param index="0">
              <value>
                <![CDATA[99    99 down]]>
              </value>
            </param>
            <param index="1">
              <value>
                <![CDATA[x: 99, y: 100, direction: down]]>
              </value>
            </param>
            <param index="2">
              <value>
                <![CDATA[inside]]>
              </value>
            </param>
          </params>
          <reporter-output>
          </reporter-output>
        </test-method> <!-- validTest_insideSquare -->
        <test-method is-config="true" signature="setUpStream()[pri:0, instance:managerStruct.DirectionPlayerTest@47542153]" started-at="2025-07-26T00:33:04 GET" name="setUpStream" finished-at="2025-07-26T00:33:04 GET" duration-ms="0" status="PASS">
          <reporter-output>
          </reporter-output>
        </test-method> <!-- setUpStream -->
        <test-method signature="validTest_insideSquare(java.lang.String,java.lang.String,java.lang.String)[pri:0, instance:managerStruct.DirectionPlayerTest@47542153]" started-at="2025-07-26T00:33:04 GET" name="validTest_insideSquare" data-provider="validData" finished-at="2025-07-26T00:33:04 GET" duration-ms="1" status="PASS">
          <params>
            <param index="0">
              <value>
                <![CDATA[1 1 left]]>
              </value>
            </param>
            <param index="1">
              <value>
                <![CDATA[x: 0, y: 1, direction: left]]>
              </value>
            </param>
            <param index="2">
              <value>
                <![CDATA[inside]]>
              </value>
            </param>
          </params>
          <reporter-output>
          </reporter-output>
        </test-method> <!-- validTest_insideSquare -->
        <test-method is-config="true" signature="restoreStream()[pri:0, instance:managerStruct.DirectionPlayerTest@47542153]" started-at="2025-07-26T00:33:04 GET" name="restoreStream" finished-at="2025-07-26T00:33:04 GET" duration-ms="0" status="PASS">
          <reporter-output>
          </reporter-output>
        </test-method> <!-- restoreStream -->
        <test-method is-config="true" signature="setUpStream()[pri:0, instance:managerStruct.DirectionPlayerTest@47542153]" started-at="2025-07-26T00:33:04 GET" name="setUpStream" finished-at="2025-07-26T00:33:04 GET" duration-ms="0" status="PASS">
          <reporter-output>
          </reporter-output>
        </test-method> <!-- setUpStream -->
        <test-method signature="validTest_insideSquare(java.lang.String,java.lang.String,java.lang.String)[pri:0, instance:managerStruct.DirectionPlayerTest@47542153]" started-at="2025-07-26T00:33:04 GET" name="validTest_insideSquare" data-provider="validData" finished-at="2025-07-26T00:33:04 GET" duration-ms="0" status="PASS">
          <params>
            <param index="0">
              <value>
                <![CDATA[99 100 down]]>
              </value>
            </param>
            <param index="1">
              <value>
                <![CDATA[x: 99, y: 100, direction: down]]>
              </value>
            </param>
            <param index="2">
              <value>
                <![CDATA[outside]]>
              </value>
            </param>
          </params>
          <reporter-output>
          </reporter-output>
        </test-method> <!-- validTest_insideSquare -->
        <test-method is-config="true" signature="setUpStream()[pri:0, instance:managerStruct.DirectionPlayerTest@47542153]" started-at="2025-07-26T00:33:04 GET" name="setUpStream" finished-at="2025-07-26T00:33:04 GET" duration-ms="0" status="PASS">
          <reporter-output>
          </reporter-output>
        </test-method> <!-- setUpStream -->
        <test-method is-config="true" signature="restoreStream()[pri:0, instance:managerStruct.DirectionPlayerTest@47542153]" started-at="2025-07-26T00:33:04 GET" name="restoreStream" finished-at="2025-07-26T00:33:04 GET" duration-ms="0" status="PASS">
          <reporter-output>
          </reporter-output>
        </test-method> <!-- restoreStream -->
        <test-method is-config="true" signature="setUpStream()[pri:0, instance:managerStruct.DirectionPlayerTest@47542153]" started-at="2025-07-26T00:33:04 GET" name="setUpStream" finished-at="2025-07-26T00:33:04 GET" duration-ms="1" status="PASS">
          <reporter-output>
          </reporter-output>
        </test-method> <!-- setUpStream -->
        <test-method is-config="true" signature="restoreStream()[pri:0, instance:managerStruct.DirectionPlayerTest@47542153]" started-at="2025-07-26T00:33:04 GET" name="restoreStream" finished-at="2025-07-26T00:33:04 GET" duration-ms="0" status="PASS">
          <reporter-output>
          </reporter-output>
        </test-method> <!-- restoreStream -->
        <test-method signature="validTest_insideSquare(java.lang.String,java.lang.String,java.lang.String)[pri:0, instance:managerStruct.DirectionPlayerTest@47542153]" started-at="2025-07-26T00:33:04 GET" name="validTest_insideSquare" data-provider="validData" finished-at="2025-07-26T00:33:04 GET" duration-ms="0" status="PASS">
          <params>
            <param index="0">
              <value>
                <![CDATA[0 1     left]]>
              </value>
            </param>
            <param index="1">
              <value>
                <![CDATA[x: 0, y: 1, direction: left]]>
              </value>
            </param>
            <param index="2">
              <value>
                <![CDATA[outside]]>
              </value>
            </param>
          </params>
          <reporter-output>
          </reporter-output>
        </test-method> <!-- validTest_insideSquare -->
        <test-method is-config="true" signature="restoreStream()[pri:0, instance:managerStruct.DirectionPlayerTest@47542153]" started-at="2025-07-26T00:33:04 GET" name="restoreStream" finished-at="2025-07-26T00:33:04 GET" duration-ms="0" status="PASS">
          <reporter-output>
          </reporter-output>
        </test-method> <!-- restoreStream -->
      </class> <!-- managerStruct.DirectionPlayerTest -->
      <class name="operators.TranslateMinPerSecTest">
        <test-method signature="positiveTest(java.lang.String,java.lang.String)[pri:0, instance:operators.TranslateMinPerSecTest@6dbb137d]" started-at="2025-07-26T00:33:04 GET" name="positiveTest" data-provider="validData" finished-at="2025-07-26T00:33:04 GET" duration-ms="1" status="PASS">
          <params>
            <param index="0">
              <value>
                <![CDATA[1]]>
              </value>
            </param>
            <param index="1">
              <value>
                <![CDATA[60]]>
              </value>
            </param>
          </params>
          <reporter-output>
          </reporter-output>
        </test-method> <!-- positiveTest -->
        <test-method is-config="true" signature="setUpStream()[pri:0, instance:operators.TranslateMinPerSecTest@6dbb137d]" started-at="2025-07-26T00:33:04 GET" name="setUpStream" finished-at="2025-07-26T00:33:04 GET" duration-ms="0" status="PASS">
          <reporter-output>
          </reporter-output>
        </test-method> <!-- setUpStream -->
        <test-method signature="positiveTest(java.lang.String,java.lang.String)[pri:0, instance:operators.TranslateMinPerSecTest@6dbb137d]" started-at="2025-07-26T00:33:04 GET" name="positiveTest" data-provider="validData" finished-at="2025-07-26T00:33:04 GET" duration-ms="0" status="PASS">
          <params>
            <param index="0">
              <value>
                <![CDATA[6]]>
              </value>
            </param>
            <param index="1">
              <value>
                <![CDATA[360]]>
              </value>
            </param>
          </params>
          <reporter-output>
          </reporter-output>
        </test-method> <!-- positiveTest -->
        <test-method is-config="true" signature="setUpStream()[pri:0, instance:operators.TranslateMinPerSecTest@6dbb137d]" started-at="2025-07-26T00:33:04 GET" name="setUpStream" finished-at="2025-07-26T00:33:04 GET" duration-ms="0" status="PASS">
          <reporter-output>
          </reporter-output>
        </test-method> <!-- setUpStream -->
        <test-method is-config="true" signature="restoreStream()[pri:0, instance:operators.TranslateMinPerSecTest@6dbb137d]" started-at="2025-07-26T00:33:04 GET" name="restoreStream" finished-at="2025-07-26T00:33:04 GET" duration-ms="0" status="PASS">
          <reporter-output>
          </reporter-output>
        </test-method> <!-- restoreStream -->
        <test-method is-config="true" signature="restoreStream()[pri:0, instance:operators.TranslateMinPerSecTest@6dbb137d]" started-at="2025-07-26T00:33:04 GET" name="restoreStream" finished-at="2025-07-26T00:33:04 GET" duration-ms="0" status="PASS">
          <reporter-output>
          </reporter-output>
        </test-method> <!-- restoreStream -->
      </class> <!-- operators.TranslateMinPerSecTest -->
      <class name="operators.DivisionTwoNumberTest">
        <test-method signature="divideByZeroThrows()[pri:0, instance:operators.DivisionTwoNumberTest@4445629]" started-at="2025-07-26T00:33:04 GET" name="divideByZeroThrows" finished-at="2025-07-26T00:33:04 GET" duration-ms="1" status="PASS">
          <exception class="java.lang.ArithmeticException">
            <message>
              <![CDATA[Деление на ноль]]>
            </message>
            <full-stacktrace>
              <![CDATA[java.lang.ArithmeticException: Деление на ноль
at org.example.Operators.divisionTwoNumber(Operators.java:170)
at operators.DivisionTwoNumberTest.divideByZeroThrows(DivisionTwoNumberTest.java:54)
at java.base/jdk.internal.reflect.DirectMethodHandleAccessor.invoke(DirectMethodHandleAccessor.java:104)
at java.base/java.lang.reflect.Method.invoke(Method.java:578)
at org.testng.internal.invokers.MethodInvocationHelper.invokeMethod(MethodInvocationHelper.java:139)
at org.testng.internal.invokers.TestInvoker.invokeMethod(TestInvoker.java:664)
at org.testng.internal.invokers.TestInvoker.invokeTestMethod(TestInvoker.java:227)
at org.testng.internal.invokers.MethodRunner.runInSequence(MethodRunner.java:50)
at org.testng.internal.invokers.TestInvoker$MethodInvocationAgent.invoke(TestInvoker.java:957)
at org.testng.internal.invokers.TestInvoker.invokeTestMethods(TestInvoker.java:200)
at org.testng.internal.invokers.TestMethodWorker.invokeTestMethods(TestMethodWorker.java:148)
at org.testng.internal.invokers.TestMethodWorker.run(TestMethodWorker.java:128)
at java.base/java.util.ArrayList.forEach(ArrayList.java:1511)
at org.testng.TestRunner.privateRun(TestRunner.java:848)
at org.testng.TestRunner.run(TestRunner.java:621)
at org.testng.SuiteRunner.runTest(SuiteRunner.java:443)
at org.testng.SuiteRunner.runSequentially(SuiteRunner.java:437)
at org.testng.SuiteRunner.privateRun(SuiteRunner.java:397)
at org.testng.SuiteRunner.run(SuiteRunner.java:336)
at org.testng.SuiteRunnerWorker.runSuite(SuiteRunnerWorker.java:52)
at org.testng.SuiteRunnerWorker.run(SuiteRunnerWorker.java:95)
at org.testng.TestNG.runSuitesSequentially(TestNG.java:1280)
at org.testng.TestNG.runSuitesLocally(TestNG.java:1200)
at org.testng.TestNG.runSuites(TestNG.java:1114)
at org.testng.TestNG.run(TestNG.java:1082)
at org.apache.maven.surefire.testng.TestNGExecutor.run(TestNGExecutor.java:151)
at org.apache.maven.surefire.testng.TestNGDirectoryTestSuite.executeMulti(TestNGDirectoryTestSuite.java:192)
at org.apache.maven.surefire.testng.TestNGDirectoryTestSuite.execute(TestNGDirectoryTestSuite.java:93)
at org.apache.maven.surefire.testng.TestNGProvider.invoke(TestNGProvider.java:155)
at org.apache.maven.surefire.booter.ForkedBooter.runSuitesInProcess(ForkedBooter.java:456)
at org.apache.maven.surefire.booter.ForkedBooter.execute(ForkedBooter.java:169)
at org.apache.maven.surefire.booter.ForkedBooter.run(ForkedBooter.java:595)
at org.apache.maven.surefire.booter.ForkedBooter.main(ForkedBooter.java:581)
]]>
            </full-stacktrace>
          </exception> <!-- java.lang.ArithmeticException -->
          <reporter-output>
          </reporter-output>
        </test-method> <!-- divideByZeroThrows -->
        <test-method is-config="true" signature="setUpStream()[pri:0, instance:operators.DivisionTwoNumberTest@4445629]" started-at="2025-07-26T00:33:04 GET" name="setUpStream" finished-at="2025-07-26T00:33:04 GET" duration-ms="0" status="PASS">
          <reporter-output>
          </reporter-output>
        </test-method> <!-- setUpStream -->
        <test-method signature="positiveTest(java.lang.String,java.lang.String)[pri:0, instance:operators.DivisionTwoNumberTest@4445629]" started-at="2025-07-26T00:33:04 GET" name="positiveTest" data-provider="validData" finished-at="2025-07-26T00:33:04 GET" duration-ms="0" status="PASS">
          <params>
            <param index="0">
              <value>
                <![CDATA[4 2]]>
              </value>
            </param>
            <param index="1">
              <value>
                <![CDATA[2]]>
              </value>
            </param>
          </params>
          <reporter-output>
          </reporter-output>
        </test-method> <!-- positiveTest -->
        <test-method is-config="true" signature="setUpStream()[pri:0, instance:operators.DivisionTwoNumberTest@4445629]" started-at="2025-07-26T00:33:04 GET" name="setUpStream" finished-at="2025-07-26T00:33:04 GET" duration-ms="0" status="PASS">
          <reporter-output>
          </reporter-output>
        </test-method> <!-- setUpStream -->
        <test-method is-config="true" signature="restoreStream()[pri:0, instance:operators.DivisionTwoNumberTest@4445629]" started-at="2025-07-26T00:33:04 GET" name="restoreStream" finished-at="2025-07-26T00:33:04 GET" duration-ms="0" status="PASS">
          <reporter-output>
          </reporter-output>
        </test-method> <!-- restoreStream -->
        <test-method is-config="true" signature="restoreStream()[pri:0, instance:operators.DivisionTwoNumberTest@4445629]" started-at="2025-07-26T00:33:04 GET" name="restoreStream" finished-at="2025-07-26T00:33:04 GET" duration-ms="1" status="PASS">
          <reporter-output>
          </reporter-output>
        </test-method> <!-- restoreStream -->
        <test-method signature="positiveTest(java.lang.String,java.lang.String)[pri:0, instance:operators.DivisionTwoNumberTest@4445629]" started-at="2025-07-26T00:33:04 GET" name="positiveTest" data-provider="validData" finished-at="2025-07-26T00:33:04 GET" duration-ms="0" status="PASS">
          <params>
            <param index="0">
              <value>
                <![CDATA[8 5]]>
              </value>
            </param>
            <param index="1">
              <value>
                <![CDATA[1.6]]>
              </value>
            </param>
          </params>
          <reporter-output>
          </reporter-output>
        </test-method> <!-- positiveTest -->
        <test-method is-config="true" signature="restoreStream()[pri:0, instance:operators.DivisionTwoNumberTest@4445629]" started-at="2025-07-26T00:33:04 GET" name="restoreStream" finished-at="2025-07-26T00:33:04 GET" duration-ms="0" status="PASS">
          <reporter-output>
          </reporter-output>
        </test-method> <!-- restoreStream -->
        <test-method is-config="true" signature="setUpStream()[pri:0, instance:operators.DivisionTwoNumberTest@4445629]" started-at="2025-07-26T00:33:04 GET" name="setUpStream" finished-at="2025-07-26T00:33:04 GET" duration-ms="0" status="PASS">
          <reporter-output>
          </reporter-output>
        </test-method> <!-- setUpStream -->
      </class> <!-- operators.DivisionTwoNumberTest -->
      <class name="managerStruct.defineNumberIsNegativeTest">
        <test-method is-config="true" signature="setUpStream()[pri:0, instance:managerStruct.defineNumberIsNegativeTest@229d10bd]" started-at="2025-07-26T00:33:04 GET" name="setUpStream" finished-at="2025-07-26T00:33:04 GET" duration-ms="1" status="PASS">
          <reporter-output>
          </reporter-output>
        </test-method> <!-- setUpStream -->
        <test-method signature="directTest(java.lang.String,java.lang.String)[pri:0, instance:managerStruct.defineNumberIsNegativeTest@229d10bd]" started-at="2025-07-26T00:33:04 GET" name="directTest" data-provider="validInput" finished-at="2025-07-26T00:33:04 GET" duration-ms="0" status="PASS">
          <params>
            <param index="0">
              <value>
                <![CDATA[2]]>
              </value>
            </param>
            <param index="1">
              <value>
                <![CDATA[Число позитивное]]>
              </value>
            </param>
          </params>
          <reporter-output>
          </reporter-output>
        </test-method> <!-- directTest -->
        <test-method is-config="true" signature="restoreStream()[pri:0, instance:managerStruct.defineNumberIsNegativeTest@229d10bd]" started-at="2025-07-26T00:33:04 GET" name="restoreStream" finished-at="2025-07-26T00:33:04 GET" duration-ms="0" status="PASS">
          <reporter-output>
          </reporter-output>
        </test-method> <!-- restoreStream -->
        <test-method signature="directTest(java.lang.String,java.lang.String)[pri:0, instance:managerStruct.defineNumberIsNegativeTest@229d10bd]" started-at="2025-07-26T00:33:04 GET" name="directTest" data-provider="validInput" finished-at="2025-07-26T00:33:04 GET" duration-ms="0" status="PASS">
          <params>
            <param index="0">
              <value>
                <![CDATA[-100]]>
              </value>
            </param>
            <param index="1">
              <value>
                <![CDATA[Число негативное]]>
              </value>
            </param>
          </params>
          <reporter-output>
          </reporter-output>
        </test-method> <!-- directTest -->
        <test-method is-config="true" signature="setUpStream()[pri:0, instance:managerStruct.defineNumberIsNegativeTest@229d10bd]" started-at="2025-07-26T00:33:04 GET" name="setUpStream" finished-at="2025-07-26T00:33:04 GET" duration-ms="0" status="PASS">
          <reporter-output>
          </reporter-output>
        </test-method> <!-- setUpStream -->
        <test-method signature="directTest(java.lang.String,java.lang.String)[pri:0, instance:managerStruct.defineNumberIsNegativeTest@229d10bd]" started-at="2025-07-26T00:33:04 GET" name="directTest" data-provider="validInput" finished-at="2025-07-26T00:33:04 GET" duration-ms="0" status="PASS">
          <params>
            <param index="0">
              <value>
                <![CDATA[0]]>
              </value>
            </param>
            <param index="1">
              <value>
                <![CDATA[Число равно 0]]>
              </value>
            </param>
          </params>
          <reporter-output>
          </reporter-output>
        </test-method> <!-- directTest -->
        <test-method is-config="true" signature="restoreStream()[pri:0, instance:managerStruct.defineNumberIsNegativeTest@229d10bd]" started-at="2025-07-26T00:33:04 GET" name="restoreStream" finished-at="2025-07-26T00:33:04 GET" duration-ms="0" status="PASS">
          <reporter-output>
          </reporter-output>
        </test-method> <!-- restoreStream -->
        <test-method is-config="true" signature="setUpStream()[pri:0, instance:managerStruct.defineNumberIsNegativeTest@229d10bd]" started-at="2025-07-26T00:33:04 GET" name="setUpStream" finished-at="2025-07-26T00:33:04 GET" duration-ms="0" status="PASS">
          <reporter-output>
          </reporter-output>
        </test-method> <!-- setUpStream -->
        <test-method is-config="true" signature="restoreStream()[pri:0, instance:managerStruct.defineNumberIsNegativeTest@229d10bd]" started-at="2025-07-26T00:33:04 GET" name="restoreStream" finished-at="2025-07-26T00:33:04 GET" duration-ms="0" status="PASS">
          <reporter-output>
          </reporter-output>
        </test-method> <!-- restoreStream -->
        <test-method signature="inputNotNumber()[pri:0, instance:managerStruct.defineNumberIsNegativeTest@229d10bd]" started-at="2025-07-26T00:33:04 GET" name="inputNotNumber" finished-at="2025-07-26T00:33:04 GET" duration-ms="0" status="PASS">
          <reporter-output>
          </reporter-output>
        </test-method> <!-- inputNotNumber -->
        <test-method is-config="true" signature="restoreStream()[pri:0, instance:managerStruct.defineNumberIsNegativeTest@229d10bd]" started-at="2025-07-26T00:33:04 GET" name="restoreStream" finished-at="2025-07-26T00:33:04 GET" duration-ms="0" status="PASS">
          <reporter-output>
          </reporter-output>
        </test-method> <!-- restoreStream -->
        <test-method is-config="true" signature="setUpStream()[pri:0, instance:managerStruct.defineNumberIsNegativeTest@229d10bd]" started-at="2025-07-26T00:33:04 GET" name="setUpStream" finished-at="2025-07-26T00:33:04 GET" duration-ms="0" status="PASS">
          <reporter-output>
          </reporter-output>
        </test-method> <!-- setUpStream -->
      </class> <!-- managerStruct.defineNumberIsNegativeTest -->
      <class name="managerStruct.DefineNotEvenAndSevenTest">
        <test-method signature="positiveTest(int,java.lang.Boolean)[pri:0, instance:managerStruct.DefineNotEvenAndSevenTest@2ddc8ecb]" started-at="2025-07-26T00:33:04 GET" name="positiveTest" data-provider="validData" finished-at="2025-07-26T00:33:04 GET" duration-ms="1" status="FAIL">
          <exception class="org.testng.internal.reflect.MethodMatcherException">
            <message>
              <![CDATA[
[public void managerStruct.DefineNotEvenAndSevenTest.positiveTest(int,java.lang.Boolean)] has no parameters defined but was found to be using a data provider (either explicitly specified or inherited from class level annotation).
Data provider mismatch
Method: positiveTest([int arg0, java.lang.Boolean arg1])
Arguments: [(java.lang.String) 7,(java.lang.Boolean) true]]]>
            </message>
            <full-stacktrace>
              <![CDATA[org.testng.internal.reflect.MethodMatcherException: 
[public void managerStruct.DefineNotEvenAndSevenTest.positiveTest(int,java.lang.Boolean)] has no parameters defined but was found to be using a data provider (either explicitly specified or inherited from class level annotation).
Data provider mismatch
Method: positiveTest([int arg0, java.lang.Boolean arg1])
Arguments: [(java.lang.String) 7,(java.lang.Boolean) true]
at org.testng.internal.reflect.DataProviderMethodMatcher.getConformingArguments(DataProviderMethodMatcher.java:46)
at org.testng.internal.Parameters.injectParameters(Parameters.java:909)
at org.testng.internal.invokers.MethodRunner.runInSequence(MethodRunner.java:37)
at org.testng.internal.invokers.TestInvoker$MethodInvocationAgent.invoke(TestInvoker.java:957)
at org.testng.internal.invokers.TestInvoker.invokeTestMethods(TestInvoker.java:200)
at org.testng.internal.invokers.TestMethodWorker.invokeTestMethods(TestMethodWorker.java:148)
at org.testng.internal.invokers.TestMethodWorker.run(TestMethodWorker.java:128)
at java.base/java.util.ArrayList.forEach(ArrayList.java:1511)
at org.testng.TestRunner.privateRun(TestRunner.java:848)
at org.testng.TestRunner.run(TestRunner.java:621)
at org.testng.SuiteRunner.runTest(SuiteRunner.java:443)
at org.testng.SuiteRunner.runSequentially(SuiteRunner.java:437)
at org.testng.SuiteRunner.privateRun(SuiteRunner.java:397)
at org.testng.SuiteRunner.run(SuiteRunner.java:336)
at org.testng.SuiteRunnerWorker.runSuite(SuiteRunnerWorker.java:52)
at org.testng.SuiteRunnerWorker.run(SuiteRunnerWorker.java:95)
at org.testng.TestNG.runSuitesSequentially(TestNG.java:1280)
at org.testng.TestNG.runSuitesLocally(TestNG.java:1200)
at org.testng.TestNG.runSuites(TestNG.java:1114)
at org.testng.TestNG.run(TestNG.java:1082)
at org.apache.maven.surefire.testng.TestNGExecutor.run(TestNGExecutor.java:151)
at org.apache.maven.surefire.testng.TestNGDirectoryTestSuite.executeMulti(TestNGDirectoryTestSuite.java:192)
at org.apache.maven.surefire.testng.TestNGDirectoryTestSuite.execute(TestNGDirectoryTestSuite.java:93)
at org.apache.maven.surefire.testng.TestNGProvider.invoke(TestNGProvider.java:155)
at org.apache.maven.surefire.booter.ForkedBooter.runSuitesInProcess(ForkedBooter.java:456)
at org.apache.maven.surefire.booter.ForkedBooter.execute(ForkedBooter.java:169)
at org.apache.maven.surefire.booter.ForkedBooter.run(ForkedBooter.java:595)
at org.apache.maven.surefire.booter.ForkedBooter.main(ForkedBooter.java:581)
]]>
            </full-stacktrace>
          </exception> <!-- org.testng.internal.reflect.MethodMatcherException -->
          <reporter-output>
          </reporter-output>
        </test-method> <!-- positiveTest -->
      </class> <!-- managerStruct.DefineNotEvenAndSevenTest -->
      <class name="operators.DoMultiplyOrDivisionTest">
        <test-method signature="divisionByZeroTest()[pri:0, instance:operators.DoMultiplyOrDivisionTest@25d250c6]" started-at="2025-07-26T00:33:04 GET" name="divisionByZeroTest" finished-at="2025-07-26T00:33:04 GET" duration-ms="0" status="PASS">
          <exception class="java.lang.ArithmeticException">
            <message>
              <![CDATA[Деление на ноль]]>
            </message>
            <full-stacktrace>
              <![CDATA[java.lang.ArithmeticException: Деление на ноль
at org.example.Operators.doMultiplyOrDivision(Operators.java:107)
at operators.DoMultiplyOrDivisionTest.divisionByZeroTest(DoMultiplyOrDivisionTest.java:68)
at java.base/jdk.internal.reflect.DirectMethodHandleAccessor.invoke(DirectMethodHandleAccessor.java:104)
at java.base/java.lang.reflect.Method.invoke(Method.java:578)
at org.testng.internal.invokers.MethodInvocationHelper.invokeMethod(MethodInvocationHelper.java:139)
at org.testng.internal.invokers.TestInvoker.invokeMethod(TestInvoker.java:664)
at org.testng.internal.invokers.TestInvoker.invokeTestMethod(TestInvoker.java:227)
at org.testng.internal.invokers.MethodRunner.runInSequence(MethodRunner.java:50)
at org.testng.internal.invokers.TestInvoker$MethodInvocationAgent.invoke(TestInvoker.java:957)
at org.testng.internal.invokers.TestInvoker.invokeTestMethods(TestInvoker.java:200)
at org.testng.internal.invokers.TestMethodWorker.invokeTestMethods(TestMethodWorker.java:148)
at org.testng.internal.invokers.TestMethodWorker.run(TestMethodWorker.java:128)
at java.base/java.util.ArrayList.forEach(ArrayList.java:1511)
at org.testng.TestRunner.privateRun(TestRunner.java:848)
at org.testng.TestRunner.run(TestRunner.java:621)
at org.testng.SuiteRunner.runTest(SuiteRunner.java:443)
at org.testng.SuiteRunner.runSequentially(SuiteRunner.java:437)
at org.testng.SuiteRunner.privateRun(SuiteRunner.java:397)
at org.testng.SuiteRunner.run(SuiteRunner.java:336)
at org.testng.SuiteRunnerWorker.runSuite(SuiteRunnerWorker.java:52)
at org.testng.SuiteRunnerWorker.run(SuiteRunnerWorker.java:95)
at org.testng.TestNG.runSuitesSequentially(TestNG.java:1280)
at org.testng.TestNG.runSuitesLocally(TestNG.java:1200)
at org.testng.TestNG.runSuites(TestNG.java:1114)
at org.testng.TestNG.run(TestNG.java:1082)
at org.apache.maven.surefire.testng.TestNGExecutor.run(TestNGExecutor.java:151)
at org.apache.maven.surefire.testng.TestNGDirectoryTestSuite.executeMulti(TestNGDirectoryTestSuite.java:192)
at org.apache.maven.surefire.testng.TestNGDirectoryTestSuite.execute(TestNGDirectoryTestSuite.java:93)
at org.apache.maven.surefire.testng.TestNGProvider.invoke(TestNGProvider.java:155)
at org.apache.maven.surefire.booter.ForkedBooter.runSuitesInProcess(ForkedBooter.java:456)
at org.apache.maven.surefire.booter.ForkedBooter.execute(ForkedBooter.java:169)
at org.apache.maven.surefire.booter.ForkedBooter.run(ForkedBooter.java:595)
at org.apache.maven.surefire.booter.ForkedBooter.main(ForkedBooter.java:581)
]]>
            </full-stacktrace>
          </exception> <!-- java.lang.ArithmeticException -->
          <reporter-output>
          </reporter-output>
        </test-method> <!-- divisionByZeroTest -->
        <test-method signature="positiveTest(java.lang.String,java.lang.String)[pri:0, instance:operators.DoMultiplyOrDivisionTest@25d250c6]" started-at="2025-07-26T00:33:04 GET" name="positiveTest" data-provider="validData" finished-at="2025-07-26T00:33:04 GET" duration-ms="1" status="PASS">
          <params>
            <param index="0">
              <value>
                <![CDATA[2 x 3]]>
              </value>
            </param>
            <param index="1">
              <value>
                <![CDATA[6]]>
              </value>
            </param>
          </params>
          <reporter-output>
          </reporter-output>
        </test-method> <!-- positiveTest -->
        <test-method is-config="true" signature="restoreStream()[pri:0, instance:operators.DoMultiplyOrDivisionTest@25d250c6]" started-at="2025-07-26T00:33:04 GET" name="restoreStream" finished-at="2025-07-26T00:33:04 GET" duration-ms="0" status="PASS">
          <reporter-output>
          </reporter-output>
        </test-method> <!-- restoreStream -->
        <test-method is-config="true" signature="setUpStream()[pri:0, instance:operators.DoMultiplyOrDivisionTest@25d250c6]" started-at="2025-07-26T00:33:04 GET" name="setUpStream" finished-at="2025-07-26T00:33:04 GET" duration-ms="0" status="PASS">
          <reporter-output>
          </reporter-output>
        </test-method> <!-- setUpStream -->
        <test-method is-config="true" signature="setUpStream()[pri:0, instance:operators.DoMultiplyOrDivisionTest@25d250c6]" started-at="2025-07-26T00:33:04 GET" name="setUpStream" finished-at="2025-07-26T00:33:04 GET" duration-ms="0" status="PASS">
          <reporter-output>
          </reporter-output>
        </test-method> <!-- setUpStream -->
        <test-method signature="positiveTest(java.lang.String,java.lang.String)[pri:0, instance:operators.DoMultiplyOrDivisionTest@25d250c6]" started-at="2025-07-26T00:33:04 GET" name="positiveTest" data-provider="validData" finished-at="2025-07-26T00:33:04 GET" duration-ms="0" status="PASS">
          <params>
            <param index="0">
              <value>
                <![CDATA[4 / 2]]>
              </value>
            </param>
            <param index="1">
              <value>
                <![CDATA[2]]>
              </value>
            </param>
          </params>
          <reporter-output>
          </reporter-output>
        </test-method> <!-- positiveTest -->
        <test-method signature="testReadInput_wrongSign()[pri:0, instance:operators.DoMultiplyOrDivisionTest@25d250c6]" started-at="2025-07-26T00:33:04 GET" name="testReadInput_wrongSign" finished-at="2025-07-26T00:33:04 GET" duration-ms="1" status="PASS">
          <exception class="java.lang.IllegalArgumentException">
            <message>
              <![CDATA[Не разрешенная операция+]]>
            </message>
            <full-stacktrace>
              <![CDATA[java.lang.IllegalArgumentException: Не разрешенная операция+
at org.example.Operators.doMultiplyOrDivision(Operators.java:112)
at operators.DoMultiplyOrDivisionTest.testReadInput_wrongSign(DoMultiplyOrDivisionTest.java:76)
at java.base/jdk.internal.reflect.DirectMethodHandleAccessor.invoke(DirectMethodHandleAccessor.java:104)
at java.base/java.lang.reflect.Method.invoke(Method.java:578)
at org.testng.internal.invokers.MethodInvocationHelper.invokeMethod(MethodInvocationHelper.java:139)
at org.testng.internal.invokers.TestInvoker.invokeMethod(TestInvoker.java:664)
at org.testng.internal.invokers.TestInvoker.invokeTestMethod(TestInvoker.java:227)
at org.testng.internal.invokers.MethodRunner.runInSequence(MethodRunner.java:50)
at org.testng.internal.invokers.TestInvoker$MethodInvocationAgent.invoke(TestInvoker.java:957)
at org.testng.internal.invokers.TestInvoker.invokeTestMethods(TestInvoker.java:200)
at org.testng.internal.invokers.TestMethodWorker.invokeTestMethods(TestMethodWorker.java:148)
at org.testng.internal.invokers.TestMethodWorker.run(TestMethodWorker.java:128)
at java.base/java.util.ArrayList.forEach(ArrayList.java:1511)
at org.testng.TestRunner.privateRun(TestRunner.java:848)
at org.testng.TestRunner.run(TestRunner.java:621)
at org.testng.SuiteRunner.runTest(SuiteRunner.java:443)
at org.testng.SuiteRunner.runSequentially(SuiteRunner.java:437)
at org.testng.SuiteRunner.privateRun(SuiteRunner.java:397)
at org.testng.SuiteRunner.run(SuiteRunner.java:336)
at org.testng.SuiteRunnerWorker.runSuite(SuiteRunnerWorker.java:52)
at org.testng.SuiteRunnerWorker.run(SuiteRunnerWorker.java:95)
at org.testng.TestNG.runSuitesSequentially(TestNG.java:1280)
at org.testng.TestNG.runSuitesLocally(TestNG.java:1200)
at org.testng.TestNG.runSuites(TestNG.java:1114)
at org.testng.TestNG.run(TestNG.java:1082)
at org.apache.maven.surefire.testng.TestNGExecutor.run(TestNGExecutor.java:151)
at org.apache.maven.surefire.testng.TestNGDirectoryTestSuite.executeMulti(TestNGDirectoryTestSuite.java:192)
at org.apache.maven.surefire.testng.TestNGDirectoryTestSuite.execute(TestNGDirectoryTestSuite.java:93)
at org.apache.maven.surefire.testng.TestNGProvider.invoke(TestNGProvider.java:155)
at org.apache.maven.surefire.booter.ForkedBooter.runSuitesInProcess(ForkedBooter.java:456)
at org.apache.maven.surefire.booter.ForkedBooter.execute(ForkedBooter.java:169)
at org.apache.maven.surefire.booter.ForkedBooter.run(ForkedBooter.java:595)
at org.apache.maven.surefire.booter.ForkedBooter.main(ForkedBooter.java:581)
]]>
            </full-stacktrace>
          </exception> <!-- java.lang.IllegalArgumentException -->
          <reporter-output>
          </reporter-output>
        </test-method> <!-- testReadInput_wrongSign -->
        <test-method is-config="true" signature="setUpStream()[pri:0, instance:operators.DoMultiplyOrDivisionTest@25d250c6]" started-at="2025-07-26T00:33:04 GET" name="setUpStream" finished-at="2025-07-26T00:33:04 GET" duration-ms="0" status="PASS">
          <reporter-output>
          </reporter-output>
        </test-method> <!-- setUpStream -->
        <test-method is-config="true" signature="restoreStream()[pri:0, instance:operators.DoMultiplyOrDivisionTest@25d250c6]" started-at="2025-07-26T00:33:04 GET" name="restoreStream" finished-at="2025-07-26T00:33:04 GET" duration-ms="0" status="PASS">
          <reporter-output>
          </reporter-output>
        </test-method> <!-- restoreStream -->
        <test-method is-config="true" signature="restoreStream()[pri:0, instance:operators.DoMultiplyOrDivisionTest@25d250c6]" started-at="2025-07-26T00:33:04 GET" name="restoreStream" finished-at="2025-07-26T00:33:04 GET" duration-ms="0" status="PASS">
          <reporter-output>
          </reporter-output>
        </test-method> <!-- restoreStream -->
        <test-method is-config="true" signature="setUpStream()[pri:0, instance:operators.DoMultiplyOrDivisionTest@25d250c6]" started-at="2025-07-26T00:33:04 GET" name="setUpStream" finished-at="2025-07-26T00:33:04 GET" duration-ms="0" status="PASS">
          <reporter-output>
          </reporter-output>
        </test-method> <!-- setUpStream -->
        <test-method signature="testWithMissSign()[pri:0, instance:operators.DoMultiplyOrDivisionTest@25d250c6]" started-at="2025-07-26T00:33:04 GET" name="testWithMissSign" finished-at="2025-07-26T00:33:04 GET" duration-ms="1" status="PASS">
          <reporter-output>
          </reporter-output>
        </test-method> <!-- testWithMissSign -->
        <test-method is-config="true" signature="setUpStream()[pri:0, instance:operators.DoMultiplyOrDivisionTest@25d250c6]" started-at="2025-07-26T00:33:04 GET" name="setUpStream" finished-at="2025-07-26T00:33:04 GET" duration-ms="0" status="PASS">
          <reporter-output>
          </reporter-output>
        </test-method> <!-- setUpStream -->
        <test-method is-config="true" signature="restoreStream()[pri:0, instance:operators.DoMultiplyOrDivisionTest@25d250c6]" started-at="2025-07-26T00:33:04 GET" name="restoreStream" finished-at="2025-07-26T00:33:04 GET" duration-ms="0" status="PASS">
          <reporter-output>
          </reporter-output>
        </test-method> <!-- restoreStream -->
        <test-method is-config="true" signature="restoreStream()[pri:0, instance:operators.DoMultiplyOrDivisionTest@25d250c6]" started-at="2025-07-26T00:33:04 GET" name="restoreStream" finished-at="2025-07-26T00:33:04 GET" duration-ms="0" status="PASS">
          <reporter-output>
          </reporter-output>
        </test-method> <!-- restoreStream -->
      </class> <!-- operators.DoMultiplyOrDivisionTest -->
      <class name="managerStruct.PrintStarsTest">
        <test-method is-config="true" signature="setUpStream()[pri:0, instance:managerStruct.PrintStarsTest@7a4ccb53]" started-at="2025-07-26T00:33:04 GET" name="setUpStream" finished-at="2025-07-26T00:33:04 GET" duration-ms="0" status="PASS">
          <reporter-output>
          </reporter-output>
        </test-method> <!-- setUpStream -->
        <test-method signature="positiveTest(int,java.lang.String)[pri:0, instance:managerStruct.PrintStarsTest@7a4ccb53]" started-at="2025-07-26T00:33:04 GET" name="positiveTest" data-provider="validData" finished-at="2025-07-26T00:33:04 GET" duration-ms="1" status="PASS">
          <params>
            <param index="0">
              <value>
                <![CDATA[5]]>
              </value>
            </param>
            <param index="1">
              <value>
                <![CDATA[★★★★★]]>
              </value>
            </param>
          </params>
          <reporter-output>
          </reporter-output>
        </test-method> <!-- positiveTest -->
        <test-method signature="positiveTest(int,java.lang.String)[pri:0, instance:managerStruct.PrintStarsTest@7a4ccb53]" started-at="2025-07-26T00:33:04 GET" name="positiveTest" data-provider="validData" finished-at="2025-07-26T00:33:04 GET" duration-ms="0" status="PASS">
          <params>
            <param index="0">
              <value>
                <![CDATA[1]]>
              </value>
            </param>
            <param index="1">
              <value>
                <![CDATA[★]]>
              </value>
            </param>
          </params>
          <reporter-output>
          </reporter-output>
        </test-method> <!-- positiveTest -->
        <test-method is-config="true" signature="restoreStream()[pri:0, instance:managerStruct.PrintStarsTest@7a4ccb53]" started-at="2025-07-26T00:33:04 GET" name="restoreStream" finished-at="2025-07-26T00:33:04 GET" duration-ms="0" status="PASS">
          <reporter-output>
          </reporter-output>
        </test-method> <!-- restoreStream -->
        <test-method is-config="true" signature="setUpStream()[pri:0, instance:managerStruct.PrintStarsTest@7a4ccb53]" started-at="2025-07-26T00:33:04 GET" name="setUpStream" finished-at="2025-07-26T00:33:04 GET" duration-ms="0" status="PASS">
          <reporter-output>
          </reporter-output>
        </test-method> <!-- setUpStream -->
        <test-method signature="positiveTest(int,java.lang.String)[pri:0, instance:managerStruct.PrintStarsTest@7a4ccb53]" started-at="2025-07-26T00:33:04 GET" name="positiveTest" data-provider="validData" finished-at="2025-07-26T00:33:04 GET" duration-ms="0" status="PASS">
          <params>
            <param index="0">
              <value>
                <![CDATA[0]]>
              </value>
            </param>
            <param index="1">
              <value>
                <![CDATA[]]>
              </value>
            </param>
          </params>
          <reporter-output>
          </reporter-output>
        </test-method> <!-- positiveTest -->
        <test-method is-config="true" signature="restoreStream()[pri:0, instance:managerStruct.PrintStarsTest@7a4ccb53]" started-at="2025-07-26T00:33:04 GET" name="restoreStream" finished-at="2025-07-26T00:33:04 GET" duration-ms="0" status="PASS">
          <reporter-output>
          </reporter-output>
        </test-method> <!-- restoreStream -->
        <test-method is-config="true" signature="restoreStream()[pri:0, instance:managerStruct.PrintStarsTest@7a4ccb53]" started-at="2025-07-26T00:33:04 GET" name="restoreStream" finished-at="2025-07-26T00:33:04 GET" duration-ms="0" status="PASS">
          <reporter-output>
          </reporter-output>
        </test-method> <!-- restoreStream -->
        <test-method is-config="true" signature="setUpStream()[pri:0, instance:managerStruct.PrintStarsTest@7a4ccb53]" started-at="2025-07-26T00:33:04 GET" name="setUpStream" finished-at="2025-07-26T00:33:04 GET" duration-ms="0" status="PASS">
          <reporter-output>
          </reporter-output>
        </test-method> <!-- setUpStream -->
      </class> <!-- managerStruct.PrintStarsTest -->
      <class name="managerStruct.DefineMaxNumberTest">
        <test-method signature="positiveTest(java.lang.String,java.lang.String)[pri:0, instance:managerStruct.DefineMaxNumberTest@6973bf95]" started-at="2025-07-26T00:33:04 GET" name="positiveTest" data-provider="validData" finished-at="2025-07-26T00:33:04 GET" duration-ms="2" status="PASS">
          <params>
            <param index="0">
              <value>
                <![CDATA[2 1 3]]>
              </value>
            </param>
            <param index="1">
              <value>
                <![CDATA[минимальное: 1, максимальное: 3]]>
              </value>
            </param>
          </params>
          <reporter-output>
          </reporter-output>
        </test-method> <!-- positiveTest -->
        <test-method is-config="true" signature="setUpStream()[pri:0, instance:managerStruct.DefineMaxNumberTest@6973bf95]" started-at="2025-07-26T00:33:04 GET" name="setUpStream" finished-at="2025-07-26T00:33:04 GET" duration-ms="0" status="PASS">
          <reporter-output>
          </reporter-output>
        </test-method> <!-- setUpStream -->
        <test-method signature="positiveTest(java.lang.String,java.lang.String)[pri:0, instance:managerStruct.DefineMaxNumberTest@6973bf95]" started-at="2025-07-26T00:33:04 GET" name="positiveTest" data-provider="validData" finished-at="2025-07-26T00:33:04 GET" duration-ms="1" status="PASS">
          <params>
            <param index="0">
              <value>
                <![CDATA[2 4 3]]>
              </value>
            </param>
            <param index="1">
              <value>
                <![CDATA[минимальное: 2, максимальное: 4]]>
              </value>
            </param>
          </params>
          <reporter-output>
          </reporter-output>
        </test-method> <!-- positiveTest -->
        <test-method is-config="true" signature="setUpStream()[pri:0, instance:managerStruct.DefineMaxNumberTest@6973bf95]" started-at="2025-07-26T00:33:04 GET" name="setUpStream" finished-at="2025-07-26T00:33:04 GET" duration-ms="0" status="PASS">
          <reporter-output>
          </reporter-output>
        </test-method> <!-- setUpStream -->
        <test-method is-config="true" signature="restoreStream()[pri:0, instance:managerStruct.DefineMaxNumberTest@6973bf95]" started-at="2025-07-26T00:33:04 GET" name="restoreStream" finished-at="2025-07-26T00:33:04 GET" duration-ms="0" status="PASS">
          <reporter-output>
          </reporter-output>
        </test-method> <!-- restoreStream -->
        <test-method is-config="true" signature="restoreStream()[pri:0, instance:managerStruct.DefineMaxNumberTest@6973bf95]" started-at="2025-07-26T00:33:04 GET" name="restoreStream" finished-at="2025-07-26T00:33:04 GET" duration-ms="0" status="PASS">
          <reporter-output>
          </reporter-output>
        </test-method> <!-- restoreStream -->
      </class> <!-- managerStruct.DefineMaxNumberTest -->
      <class name="operators.DefineGroupAgeTest">
        <test-method signature="positiveTest(java.lang.String,java.lang.String)[pri:0, instance:operators.DefineGroupAgeTest@18ce0030]" started-at="2025-07-26T00:33:04 GET" name="positiveTest" data-provider="validData" finished-at="2025-07-26T00:33:04 GET" duration-ms="0" status="PASS">
          <params>
            <param index="0">
              <value>
                <![CDATA[18]]>
              </value>
            </param>
            <param index="1">
              <value>
                <![CDATA[взрослый]]>
              </value>
            </param>
          </params>
          <reporter-output>
          </reporter-output>
        </test-method> <!-- positiveTest -->
        <test-method is-config="true" signature="restoreStream()[pri:0, instance:operators.DefineGroupAgeTest@18ce0030]" started-at="2025-07-26T00:33:04 GET" name="restoreStream" finished-at="2025-07-26T00:33:04 GET" duration-ms="1" status="PASS">
          <reporter-output>
          </reporter-output>
        </test-method> <!-- restoreStream -->
        <test-method is-config="true" signature="setUpStream()[pri:0, instance:operators.DefineGroupAgeTest@18ce0030]" started-at="2025-07-26T00:33:04 GET" name="setUpStream" finished-at="2025-07-26T00:33:04 GET" duration-ms="0" status="PASS">
          <reporter-output>
          </reporter-output>
        </test-method> <!-- setUpStream -->
        <test-method signature="positiveTest(java.lang.String,java.lang.String)[pri:0, instance:operators.DefineGroupAgeTest@18ce0030]" started-at="2025-07-26T00:33:04 GET" name="positiveTest" data-provider="validData" finished-at="2025-07-26T00:33:04 GET" duration-ms="1" status="PASS">
          <params>
            <param index="0">
              <value>
                <![CDATA[14]]>
              </value>
            </param>
            <param index="1">
              <value>
                <![CDATA[подросток]]>
              </value>
            </param>
          </params>
          <reporter-output>
          </reporter-output>
        </test-method> <!-- positiveTest -->
        <test-method signature="positiveTest(java.lang.String,java.lang.String)[pri:0, instance:operators.DefineGroupAgeTest@18ce0030]" started-at="2025-07-26T00:33:04 GET" name="positiveTest" data-provider="validData" finished-at="2025-07-26T00:33:04 GET" duration-ms="0" status="PASS">
          <params>
            <param index="0">
              <value>
                <![CDATA[21]]>
              </value>
            </param>
            <param index="1">
              <value>
                <![CDATA[взрослый]]>
              </value>
            </param>
          </params>
          <reporter-output>
          </reporter-output>
        </test-method> <!-- positiveTest -->
        <test-method is-config="true" signature="restoreStream()[pri:0, instance:operators.DefineGroupAgeTest@18ce0030]" started-at="2025-07-26T00:33:04 GET" name="restoreStream" finished-at="2025-07-26T00:33:04 GET" duration-ms="0" status="PASS">
          <reporter-output>
          </reporter-output>
        </test-method> <!-- restoreStream -->
        <test-method is-config="true" signature="setUpStream()[pri:0, instance:operators.DefineGroupAgeTest@18ce0030]" started-at="2025-07-26T00:33:04 GET" name="setUpStream" finished-at="2025-07-26T00:33:04 GET" duration-ms="0" status="PASS">
          <reporter-output>
          </reporter-output>
        </test-method> <!-- setUpStream -->
        <test-method is-config="true" signature="setUpStream()[pri:0, instance:operators.DefineGroupAgeTest@18ce0030]" started-at="2025-07-26T00:33:04 GET" name="setUpStream" finished-at="2025-07-26T00:33:04 GET" duration-ms="0" status="PASS">
          <reporter-output>
          </reporter-output>
        </test-method> <!-- setUpStream -->
        <test-method is-config="true" signature="restoreStream()[pri:0, instance:operators.DefineGroupAgeTest@18ce0030]" started-at="2025-07-26T00:33:04 GET" name="restoreStream" finished-at="2025-07-26T00:33:04 GET" duration-ms="0" status="PASS">
          <reporter-output>
          </reporter-output>
        </test-method> <!-- restoreStream -->
      </class> <!-- operators.DefineGroupAgeTest -->
      <class name="operators.DoAdditionalOrDivisionTest">
        <test-method signature="positiveTest(java.lang.String,java.lang.String)[pri:0, instance:operators.DoAdditionalOrDivisionTest@45b9a632]" started-at="2025-07-26T00:33:04 GET" name="positiveTest" data-provider="validData" finished-at="2025-07-26T00:33:04 GET" duration-ms="0" status="PASS">
          <params>
            <param index="0">
              <value>
                <![CDATA[10 + 5]]>
              </value>
            </param>
            <param index="1">
              <value>
                <![CDATA[15]]>
              </value>
            </param>
          </params>
          <reporter-output>
          </reporter-output>
        </test-method> <!-- positiveTest -->
        <test-method signature="positiveTest(java.lang.String,java.lang.String)[pri:0, instance:operators.DoAdditionalOrDivisionTest@45b9a632]" started-at="2025-07-26T00:33:04 GET" name="positiveTest" data-provider="validData" finished-at="2025-07-26T00:33:04 GET" duration-ms="1" status="PASS">
          <params>
            <param index="0">
              <value>
                <![CDATA[11 - 5]]>
              </value>
            </param>
            <param index="1">
              <value>
                <![CDATA[6]]>
              </value>
            </param>
          </params>
          <reporter-output>
          </reporter-output>
        </test-method> <!-- positiveTest -->
        <test-method is-config="true" signature="restoreStream()[pri:0, instance:operators.DoAdditionalOrDivisionTest@45b9a632]" started-at="2025-07-26T00:33:04 GET" name="restoreStream" finished-at="2025-07-26T00:33:04 GET" duration-ms="0" status="PASS">
          <reporter-output>
          </reporter-output>
        </test-method> <!-- restoreStream -->
        <test-method is-config="true" signature="setUpStream()[pri:0, instance:operators.DoAdditionalOrDivisionTest@45b9a632]" started-at="2025-07-26T00:33:04 GET" name="setUpStream" finished-at="2025-07-26T00:33:04 GET" duration-ms="0" status="PASS">
          <reporter-output>
          </reporter-output>
        </test-method> <!-- setUpStream -->
        <test-method is-config="true" signature="setUpStream()[pri:0, instance:operators.DoAdditionalOrDivisionTest@45b9a632]" started-at="2025-07-26T00:33:04 GET" name="setUpStream" finished-at="2025-07-26T00:33:04 GET" duration-ms="0" status="PASS">
          <reporter-output>
          </reporter-output>
        </test-method> <!-- setUpStream -->
        <test-method signature="testWithMissSign()[pri:0, instance:operators.DoAdditionalOrDivisionTest@45b9a632]" started-at="2025-07-26T00:33:04 GET" name="testWithMissSign" finished-at="2025-07-26T00:33:04 GET" duration-ms="0" status="PASS">
          <reporter-output>
          </reporter-output>
        </test-method> <!-- testWithMissSign -->
        <test-method is-config="true" signature="setUpStream()[pri:0, instance:operators.DoAdditionalOrDivisionTest@45b9a632]" started-at="2025-07-26T00:33:04 GET" name="setUpStream" finished-at="2025-07-26T00:33:04 GET" duration-ms="0" status="PASS">
          <reporter-output>
          </reporter-output>
        </test-method> <!-- setUpStream -->
        <test-method is-config="true" signature="restoreStream()[pri:0, instance:operators.DoAdditionalOrDivisionTest@45b9a632]" started-at="2025-07-26T00:33:04 GET" name="restoreStream" finished-at="2025-07-26T00:33:04 GET" duration-ms="0" status="PASS">
          <reporter-output>
          </reporter-output>
        </test-method> <!-- restoreStream -->
        <test-method is-config="true" signature="restoreStream()[pri:0, instance:operators.DoAdditionalOrDivisionTest@45b9a632]" started-at="2025-07-26T00:33:04 GET" name="restoreStream" finished-at="2025-07-26T00:33:04 GET" duration-ms="0" status="PASS">
          <reporter-output>
          </reporter-output>
        </test-method> <!-- restoreStream -->
      </class> <!-- operators.DoAdditionalOrDivisionTest -->
      <class name="basis.ReadInputTest">
        <test-method signature="testReadInput_EmptyString()[pri:0, instance:basis.ReadInputTest@1fe20588]" started-at="2025-07-26T00:33:04 GET" name="testReadInput_EmptyString" finished-at="2025-07-26T00:33:04 GET" duration-ms="1" status="PASS">
          <reporter-output>
          </reporter-output>
        </test-method> <!-- testReadInput_EmptyString -->
        <test-method signature="testReadInput_SingleLine()[pri:0, instance:basis.ReadInputTest@1fe20588]" started-at="2025-07-26T00:33:04 GET" name="testReadInput_SingleLine" finished-at="2025-07-26T00:33:04 GET" duration-ms="1" status="PASS">
          <reporter-output>
          </reporter-output>
        </test-method> <!-- testReadInput_SingleLine -->
        <test-method is-config="true" signature="restoreSystemIn()[pri:0, instance:basis.ReadInputTest@1fe20588]" started-at="2025-07-26T00:33:04 GET" name="restoreSystemIn" finished-at="2025-07-26T00:33:04 GET" duration-ms="0" status="PASS">
          <reporter-output>
          </reporter-output>
        </test-method> <!-- restoreSystemIn -->
        <test-method signature="testReadInput_WithSpaces()[pri:0, instance:basis.ReadInputTest@1fe20588]" started-at="2025-07-26T00:33:04 GET" name="testReadInput_WithSpaces" finished-at="2025-07-26T00:33:04 GET" duration-ms="0" status="PASS">
          <reporter-output>
          </reporter-output>
        </test-method> <!-- testReadInput_WithSpaces -->
        <test-method is-config="true" signature="restoreSystemIn()[pri:0, instance:basis.ReadInputTest@1fe20588]" started-at="2025-07-26T00:33:04 GET" name="restoreSystemIn" finished-at="2025-07-26T00:33:04 GET" duration-ms="0" status="PASS">
          <reporter-output>
          </reporter-output>
        </test-method> <!-- restoreSystemIn -->
        <test-method is-config="true" signature="restoreSystemIn()[pri:0, instance:basis.ReadInputTest@1fe20588]" started-at="2025-07-26T00:33:04 GET" name="restoreSystemIn" finished-at="2025-07-26T00:33:04 GET" duration-ms="0" status="PASS">
          <reporter-output>
          </reporter-output>
        </test-method> <!-- restoreSystemIn -->
      </class> <!-- basis.ReadInputTest -->
      <class name="basis.ConcatenationAndMultiplyTest">
        <test-method signature="positiveTest(java.lang.String,java.lang.String)[pri:0, instance:basis.ConcatenationAndMultiplyTest@15b204a1]" started-at="2025-07-26T00:33:04 GET" name="positiveTest" data-provider="validInputs" finished-at="2025-07-26T00:33:04 GET" duration-ms="1" status="PASS">
          <params>
            <param index="0">
              <value>
                <![CDATA[Очки: | 100]]>
              </value>
            </param>
            <param index="1">
              <value>
                <![CDATA[Очки: 200]]>
              </value>
            </param>
          </params>
          <reporter-output>
          </reporter-output>
        </test-method> <!-- positiveTest -->
        <test-method is-config="true" signature="setUpStreams()[pri:0, instance:basis.ConcatenationAndMultiplyTest@15b204a1]" started-at="2025-07-26T00:33:04 GET" name="setUpStreams" finished-at="2025-07-26T00:33:04 GET" duration-ms="0" status="PASS">
          <reporter-output>
          </reporter-output>
        </test-method> <!-- setUpStreams -->
        <test-method is-config="true" signature="restoreStream()[pri:0, instance:basis.ConcatenationAndMultiplyTest@15b204a1]" started-at="2025-07-26T00:33:04 GET" name="restoreStream" finished-at="2025-07-26T00:33:04 GET" duration-ms="0" status="PASS">
          <reporter-output>
          </reporter-output>
        </test-method> <!-- restoreStream -->
        <test-method signature="positiveTest(java.lang.String,java.lang.String)[pri:0, instance:basis.ConcatenationAndMultiplyTest@15b204a1]" started-at="2025-07-26T00:33:04 GET" name="positiveTest" data-provider="validInputs" finished-at="2025-07-26T00:33:04 GET" duration-ms="0" status="PASS">
          <params>
            <param index="0">
              <value>
                <![CDATA[Очки: | 200]]>
              </value>
            </param>
            <param index="1">
              <value>
                <![CDATA[Очки: 400]]>
              </value>
            </param>
          </params>
          <reporter-output>
          </reporter-output>
        </test-method> <!-- positiveTest -->
        <test-method is-config="true" signature="setUpStreams()[pri:0, instance:basis.ConcatenationAndMultiplyTest@15b204a1]" started-at="2025-07-26T00:33:04 GET" name="setUpStreams" finished-at="2025-07-26T00:33:04 GET" duration-ms="0" status="PASS">
          <reporter-output>
          </reporter-output>
        </test-method> <!-- setUpStreams -->
        <test-method is-config="true" signature="restoreStream()[pri:0, instance:basis.ConcatenationAndMultiplyTest@15b204a1]" started-at="2025-07-26T00:33:04 GET" name="restoreStream" finished-at="2025-07-26T00:33:04 GET" duration-ms="0" status="PASS">
          <reporter-output>
          </reporter-output>
        </test-method> <!-- restoreStream -->
      </class> <!-- basis.ConcatenationAndMultiplyTest -->
      <class name="operators.SubtractionTwoNumberTest">
        <test-method signature="positiveTest(java.lang.String,java.lang.String)[pri:0, instance:operators.SubtractionTwoNumberTest@318ba8c8]" started-at="2025-07-26T00:33:04 GET" name="positiveTest" data-provider="testData" finished-at="2025-07-26T00:33:04 GET" duration-ms="0" status="PASS">
          <params>
            <param index="0">
              <value>
                <![CDATA[5 2]]>
              </value>
            </param>
            <param index="1">
              <value>
                <![CDATA[3]]>
              </value>
            </param>
          </params>
          <reporter-output>
          </reporter-output>
        </test-method> <!-- positiveTest -->
        <test-method is-config="true" signature="setUpStream()[pri:0, instance:operators.SubtractionTwoNumberTest@318ba8c8]" started-at="2025-07-26T00:33:04 GET" name="setUpStream" finished-at="2025-07-26T00:33:04 GET" duration-ms="0" status="PASS">
          <reporter-output>
          </reporter-output>
        </test-method> <!-- setUpStream -->
        <test-method signature="positiveTest(java.lang.String,java.lang.String)[pri:0, instance:operators.SubtractionTwoNumberTest@318ba8c8]" started-at="2025-07-26T00:33:04 GET" name="positiveTest" data-provider="testData" finished-at="2025-07-26T00:33:04 GET" duration-ms="0" status="PASS">
          <params>
            <param index="0">
              <value>
                <![CDATA[2 5]]>
              </value>
            </param>
            <param index="1">
              <value>
                <![CDATA[-3]]>
              </value>
            </param>
          </params>
          <reporter-output>
          </reporter-output>
        </test-method> <!-- positiveTest -->
        <test-method is-config="true" signature="restoreStream()[pri:0, instance:operators.SubtractionTwoNumberTest@318ba8c8]" started-at="2025-07-26T00:33:04 GET" name="restoreStream" finished-at="2025-07-26T00:33:04 GET" duration-ms="0" status="PASS">
          <reporter-output>
          </reporter-output>
        </test-method> <!-- restoreStream -->
        <test-method is-config="true" signature="restoreStream()[pri:0, instance:operators.SubtractionTwoNumberTest@318ba8c8]" started-at="2025-07-26T00:33:04 GET" name="restoreStream" finished-at="2025-07-26T00:33:04 GET" duration-ms="0" status="PASS">
          <reporter-output>
          </reporter-output>
        </test-method> <!-- restoreStream -->
        <test-method is-config="true" signature="setUpStream()[pri:0, instance:operators.SubtractionTwoNumberTest@318ba8c8]" started-at="2025-07-26T00:33:04 GET" name="setUpStream" finished-at="2025-07-26T00:33:04 GET" duration-ms="0" status="PASS">
          <reporter-output>
          </reporter-output>
        </test-method> <!-- setUpStream -->
      </class> <!-- operators.SubtractionTwoNumberTest -->
      <class name="operators.RemainderByDivisionTest">
        <test-method signature="positiveTest(java.lang.String,java.lang.String)[pri:0, instance:operators.RemainderByDivisionTest@63a65a25]" started-at="2025-07-26T00:33:04 GET" name="positiveTest" data-provider="validData" finished-at="2025-07-26T00:33:04 GET" duration-ms="0" status="PASS">
          <params>
            <param index="0">
              <value>
                <![CDATA[5 2]]>
              </value>
            </param>
            <param index="1">
              <value>
                <![CDATA[1]]>
              </value>
            </param>
          </params>
          <reporter-output>
          </reporter-output>
        </test-method> <!-- positiveTest -->
        <test-method signature="positiveTest(java.lang.String,java.lang.String)[pri:0, instance:operators.RemainderByDivisionTest@63a65a25]" started-at="2025-07-26T00:33:04 GET" name="positiveTest" data-provider="validData" finished-at="2025-07-26T00:33:04 GET" duration-ms="1" status="PASS">
          <params>
            <param index="0">
              <value>
                <![CDATA[12 6]]>
              </value>
            </param>
            <param index="1">
              <value>
                <![CDATA[0]]>
              </value>
            </param>
          </params>
          <reporter-output>
          </reporter-output>
        </test-method> <!-- positiveTest -->
        <test-method is-config="true" signature="restoreStream()[pri:0, instance:operators.RemainderByDivisionTest@63a65a25]" started-at="2025-07-26T00:33:04 GET" name="restoreStream" finished-at="2025-07-26T00:33:04 GET" duration-ms="0" status="PASS">
          <reporter-output>
          </reporter-output>
        </test-method> <!-- restoreStream -->
        <test-method is-config="true" signature="setUpStream()[pri:0, instance:operators.RemainderByDivisionTest@63a65a25]" started-at="2025-07-26T00:33:04 GET" name="setUpStream" finished-at="2025-07-26T00:33:04 GET" duration-ms="0" status="PASS">
          <reporter-output>
          </reporter-output>
        </test-method> <!-- setUpStream -->
[...]
          <reporter-output>
          </reporter-output>
        </test-method> <!-- restoreStream -->
        <test-method signature="positiveTest(java.lang.String,java.lang.String)[pri:0, instance:operators.ResultMyRoleTest@54c562f7]" started-at="2025-07-26T00:33:04 GET" name="positiveTest" data-provider="validData" finished-at="2025-07-26T00:33:04 GET" duration-ms="0" status="PASS">
          <params>
            <param index="0">
              <value>
                <![CDATA[17]]>
              </value>
            </param>
            <param index="1">
              <value>
                <![CDATA[guest]]>
              </value>
            </param>
          </params>
          <reporter-output>
          </reporter-output>
        </test-method> <!-- positiveTest -->
        <test-method is-config="true" signature="restoreStream()[pri:0, instance:operators.ResultMyRoleTest@54c562f7]" started-at="2025-07-26T00:33:04 GET" name="restoreStream" finished-at="2025-07-26T00:33:04 GET" duration-ms="0" status="PASS">
          <reporter-output>
          </reporter-output>
        </test-method> <!-- restoreStream -->
      </class> <!-- operators.ResultMyRoleTest -->
      <class name="basis.PrintWithDeleteSeparationTest">
        <test-method is-config="true" signature="setUpStreams()[pri:0, instance:basis.PrintWithDeleteSeparationTest@77167fb7]" started-at="2025-07-26T00:33:04 GET" name="setUpStreams" finished-at="2025-07-26T00:33:04 GET" duration-ms="1" status="PASS">
          <reporter-output>
          </reporter-output>
        </test-method> <!-- setUpStreams -->
        <test-method signature="positiveTest_WithSpaseAndSymbol()[pri:0, instance:basis.PrintWithDeleteSeparationTest@77167fb7]" started-at="2025-07-26T00:33:04 GET" name="positiveTest_WithSpaseAndSymbol" finished-at="2025-07-26T00:33:04 GET" duration-ms="0" status="PASS">
          <reporter-output>
          </reporter-output>
        </test-method> <!-- positiveTest_WithSpaseAndSymbol -->
        <test-method is-config="true" signature="restoreStreams()[pri:0, instance:basis.PrintWithDeleteSeparationTest@77167fb7]" started-at="2025-07-26T00:33:04 GET" name="restoreStreams" finished-at="2025-07-26T00:33:04 GET" duration-ms="0" status="PASS">
          <reporter-output>
          </reporter-output>
        </test-method> <!-- restoreStreams -->
      </class> <!-- basis.PrintWithDeleteSeparationTest -->
      <class name="basis.ConcatenationAndBonusTest">
        <test-method is-config="true" signature="setUpStreams()[pri:0, instance:basis.ConcatenationAndBonusTest@78b729e6]" started-at="2025-07-26T00:33:04 GET" name="setUpStreams" finished-at="2025-07-26T00:33:04 GET" duration-ms="3" status="PASS">
          <reporter-output>
          </reporter-output>
        </test-method> <!-- setUpStreams -->
        <test-method signature="positiveTest(java.lang.String,java.lang.String)[pri:0, instance:basis.ConcatenationAndBonusTest@78b729e6]" started-at="2025-07-26T00:33:04 GET" name="positiveTest" data-provider="validData" finished-at="2025-07-26T00:33:04 GET" duration-ms="9" status="PASS">
          <params>
            <param index="0">
              <value>
                <![CDATA[Очки: | 100 | 2]]>
              </value>
            </param>
            <param index="1">
              <value>
                <![CDATA[Очки: 200]]>
              </value>
            </param>
          </params>
          <reporter-output>
          </reporter-output>
        </test-method> <!-- positiveTest -->
        <test-method is-config="true" signature="restoreSteam()[pri:0, instance:basis.ConcatenationAndBonusTest@78b729e6]" started-at="2025-07-26T00:33:04 GET" name="restoreSteam" finished-at="2025-07-26T00:33:04 GET" duration-ms="1" status="PASS">
          <reporter-output>
          </reporter-output>
        </test-method> <!-- restoreSteam -->
        <test-method signature="positiveTest(java.lang.String,java.lang.String)[pri:0, instance:basis.ConcatenationAndBonusTest@78b729e6]" started-at="2025-07-26T00:33:04 GET" name="positiveTest" data-provider="validData" finished-at="2025-07-26T00:33:04 GET" duration-ms="0" status="PASS">
          <params>
            <param index="0">
              <value>
                <![CDATA[Очки: | 200 | 2]]>
              </value>
            </param>
            <param index="1">
              <value>
                <![CDATA[Очки: 400]]>
              </value>
            </param>
          </params>
          <reporter-output>
          </reporter-output>
        </test-method> <!-- positiveTest -->
        <test-method is-config="true" signature="setUpStreams()[pri:0, instance:basis.ConcatenationAndBonusTest@78b729e6]" started-at="2025-07-26T00:33:04 GET" name="setUpStreams" finished-at="2025-07-26T00:33:04 GET" duration-ms="0" status="PASS">
          <reporter-output>
          </reporter-output>
        </test-method> <!-- setUpStreams -->
        <test-method is-config="true" signature="restoreSteam()[pri:0, instance:basis.ConcatenationAndBonusTest@78b729e6]" started-at="2025-07-26T00:33:04 GET" name="restoreSteam" finished-at="2025-07-26T00:33:04 GET" duration-ms="0" status="PASS">
          <reporter-output>
          </reporter-output>
        </test-method> <!-- restoreSteam -->
      </class> <!-- basis.ConcatenationAndBonusTest -->
      <class name="operators.AdditionalTwoNumberTest">
        <test-method signature="positiveTest(java.lang.String,java.lang.String)[pri:0, instance:operators.AdditionalTwoNumberTest@56a6d5a6]" started-at="2025-07-26T00:33:04 GET" name="positiveTest" data-provider="userData" finished-at="2025-07-26T00:33:04 GET" duration-ms="5" status="PASS">
          <params>
            <param index="0">
              <value>
                <![CDATA[2 2]]>
              </value>
            </param>
            <param index="1">
              <value>
                <![CDATA[4]]>
              </value>
            </param>
          </params>
          <reporter-output>
          </reporter-output>
        </test-method> <!-- positiveTest -->
        <test-method is-config="true" signature="setUpStreams()[pri:0, instance:operators.AdditionalTwoNumberTest@56a6d5a6]" started-at="2025-07-26T00:33:04 GET" name="setUpStreams" finished-at="2025-07-26T00:33:04 GET" duration-ms="0" status="PASS">
          <reporter-output>
          </reporter-output>
        </test-method> <!-- setUpStreams -->
        <test-method is-config="true" signature="restoreStream()[pri:0, instance:operators.AdditionalTwoNumberTest@56a6d5a6]" started-at="2025-07-26T00:33:04 GET" name="restoreStream" finished-at="2025-07-26T00:33:04 GET" duration-ms="0" status="PASS">
          <reporter-output>
          </reporter-output>
        </test-method> <!-- restoreStream -->
      </class> <!-- operators.AdditionalTwoNumberTest -->
      <class name="managerStruct.SumAllNotEvenNumberTest">
        <test-method signature="directCheck(java.lang.String,java.lang.String)[pri:0, instance:managerStruct.SumAllNotEvenNumberTest@309e345f]" started-at="2025-07-26T00:33:04 GET" name="directCheck" data-provider="validData" finished-at="2025-07-26T00:33:04 GET" duration-ms="1" status="PASS">
          <params>
            <param index="0">
              <value>
                <![CDATA[5]]>
              </value>
            </param>
            <param index="1">
              <value>
                <![CDATA[9]]>
              </value>
            </param>
          </params>
          <reporter-output>
          </reporter-output>
        </test-method> <!-- directCheck -->
        <test-method signature="directCheck(java.lang.String,java.lang.String)[pri:0, instance:managerStruct.SumAllNotEvenNumberTest@309e345f]" started-at="2025-07-26T00:33:04 GET" name="directCheck" data-provider="validData" finished-at="2025-07-26T00:33:04 GET" duration-ms="0" status="PASS">
          <params>
            <param index="0">
              <value>
                <![CDATA[3]]>
              </value>
            </param>
            <param index="1">
              <value>
                <![CDATA[4]]>
              </value>
            </param>
          </params>
          <reporter-output>
          </reporter-output>
        </test-method> <!-- directCheck -->
        <test-method is-config="true" signature="setUpStream()[pri:0, instance:managerStruct.SumAllNotEvenNumberTest@309e345f]" started-at="2025-07-26T00:33:04 GET" name="setUpStream" finished-at="2025-07-26T00:33:04 GET" duration-ms="0" status="PASS">
          <reporter-output>
          </reporter-output>
        </test-method> <!-- setUpStream -->
        <test-method is-config="true" signature="restoreStream()[pri:0, instance:managerStruct.SumAllNotEvenNumberTest@309e345f]" started-at="2025-07-26T00:33:04 GET" name="restoreStream" finished-at="2025-07-26T00:33:04 GET" duration-ms="0" status="PASS">
          <reporter-output>
          </reporter-output>
        </test-method> <!-- restoreStream -->
        <test-method is-config="true" signature="setUpStream()[pri:0, instance:managerStruct.SumAllNotEvenNumberTest@309e345f]" started-at="2025-07-26T00:33:04 GET" name="setUpStream" finished-at="2025-07-26T00:33:04 GET" duration-ms="0" status="PASS">
          <reporter-output>
          </reporter-output>
        </test-method> <!-- setUpStream -->
        <test-method signature="inputNotValidData(java.lang.String,java.lang.String)[pri:0, instance:managerStruct.SumAllNotEvenNumberTest@309e345f]" started-at="2025-07-26T00:33:04 GET" name="inputNotValidData" data-provider="notValidData" finished-at="2025-07-26T00:33:04 GET" duration-ms="0" status="PASS">
          <params>
            <param index="0">
              <value>
                <![CDATA[one]]>
              </value>
            </param>
            <param index="1">
              <value>
                <![CDATA[Input a string]]>
              </value>
            </param>
          </params>
          <reporter-output>
          </reporter-output>
        </test-method> <!-- inputNotValidData -->
        <test-method is-config="true" signature="restoreStream()[pri:0, instance:managerStruct.SumAllNotEvenNumberTest@309e345f]" started-at="2025-07-26T00:33:04 GET" name="restoreStream" finished-at="2025-07-26T00:33:04 GET" duration-ms="0" status="PASS">
          <reporter-output>
          </reporter-output>
        </test-method> <!-- restoreStream -->
        <test-method is-config="true" signature="restoreStream()[pri:0, instance:managerStruct.SumAllNotEvenNumberTest@309e345f]" started-at="2025-07-26T00:33:04 GET" name="restoreStream" finished-at="2025-07-26T00:33:04 GET" duration-ms="1" status="PASS">
          <reporter-output>
          </reporter-output>
        </test-method> <!-- restoreStream -->
        <test-method is-config="true" signature="setUpStream()[pri:0, instance:managerStruct.SumAllNotEvenNumberTest@309e345f]" started-at="2025-07-26T00:33:04 GET" name="setUpStream" finished-at="2025-07-26T00:33:04 GET" duration-ms="0" status="PASS">
          <reporter-output>
          </reporter-output>
        </test-method> <!-- setUpStream -->
        <test-method signature="inputNotValidData(java.lang.String,java.lang.String)[pri:0, instance:managerStruct.SumAllNotEvenNumberTest@309e345f]" started-at="2025-07-26T00:33:04 GET" name="inputNotValidData" data-provider="notValidData" finished-at="2025-07-26T00:33:04 GET" duration-ms="0" status="PASS">
          <params>
            <param index="0">
              <value>
                <![CDATA[
]]>
              </value>
            </param>
            <param index="1">
              <value>
                <![CDATA[Input empty string]]>
              </value>
            </param>
          </params>
          <reporter-output>
          </reporter-output>
        </test-method> <!-- inputNotValidData -->
        <test-method signature="inputNotValidData(java.lang.String,java.lang.String)[pri:0, instance:managerStruct.SumAllNotEvenNumberTest@309e345f]" started-at="2025-07-26T00:33:04 GET" name="inputNotValidData" data-provider="notValidData" finished-at="2025-07-26T00:33:04 GET" duration-ms="0" status="PASS">
          <params>
            <param index="0">
              <value>
                <![CDATA[8]]>
              </value>
            </param>
            <param index="1">
              <value>
                <![CDATA[Input even number]]>
              </value>
            </param>
          </params>
          <reporter-output>
          </reporter-output>
        </test-method> <!-- inputNotValidData -->
        <test-method is-config="true" signature="setUpStream()[pri:0, instance:managerStruct.SumAllNotEvenNumberTest@309e345f]" started-at="2025-07-26T00:33:04 GET" name="setUpStream" finished-at="2025-07-26T00:33:04 GET" duration-ms="0" status="PASS">
          <reporter-output>
          </reporter-output>
        </test-method> <!-- setUpStream -->
        <test-method is-config="true" signature="restoreStream()[pri:0, instance:managerStruct.SumAllNotEvenNumberTest@309e345f]" started-at="2025-07-26T00:33:04 GET" name="restoreStream" finished-at="2025-07-26T00:33:04 GET" duration-ms="0" status="PASS">
          <reporter-output>
          </reporter-output>
        </test-method> <!-- restoreStream -->
        <test-method is-config="true" signature="setUpStream()[pri:0, instance:managerStruct.SumAllNotEvenNumberTest@309e345f]" started-at="2025-07-26T00:33:04 GET" name="setUpStream" finished-at="2025-07-26T00:33:04 GET" duration-ms="0" status="PASS">
          <reporter-output>
          </reporter-output>
        </test-method> <!-- setUpStream -->
        <test-method is-config="true" signature="restoreStream()[pri:0, instance:managerStruct.SumAllNotEvenNumberTest@309e345f]" started-at="2025-07-26T00:33:04 GET" name="restoreStream" finished-at="2025-07-26T00:33:04 GET" duration-ms="0" status="PASS">
          <reporter-output>
          </reporter-output>
        </test-method> <!-- restoreStream -->
      </class> <!-- managerStruct.SumAllNotEvenNumberTest -->
      <class name="operators.MultiplyTwoNumberTest">
        <test-method signature="positiveTest(java.lang.String,java.lang.String)[pri:0, instance:operators.MultiplyTwoNumberTest@6b26e945]" started-at="2025-07-26T00:33:04 GET" name="positiveTest" data-provider="inputNumbers" finished-at="2025-07-26T00:33:04 GET" duration-ms="1" status="PASS">
          <params>
            <param index="0">
              <value>
                <![CDATA[2 2]]>
              </value>
            </param>
            <param index="1">
              <value>
                <![CDATA[4]]>
              </value>
            </param>
          </params>
          <reporter-output>
          </reporter-output>
        </test-method> <!-- positiveTest -->
        <test-method is-config="true" signature="setUpStreams()[pri:0, instance:operators.MultiplyTwoNumberTest@6b26e945]" started-at="2025-07-26T00:33:04 GET" name="setUpStreams" finished-at="2025-07-26T00:33:04 GET" duration-ms="0" status="PASS">
          <reporter-output>
          </reporter-output>
        </test-method> <!-- setUpStreams -->
        <test-method signature="positiveTest(java.lang.String,java.lang.String)[pri:0, instance:operators.MultiplyTwoNumberTest@6b26e945]" started-at="2025-07-26T00:33:04 GET" name="positiveTest" data-provider="inputNumbers" finished-at="2025-07-26T00:33:04 GET" duration-ms="0" status="PASS">
          <params>
            <param index="0">
              <value>
                <![CDATA[3 4]]>
              </value>
            </param>
            <param index="1">
              <value>
                <![CDATA[12]]>
              </value>
            </param>
          </params>
          <reporter-output>
          </reporter-output>
        </test-method> <!-- positiveTest -->
        <test-method is-config="true" signature="restoreStream()[pri:0, instance:operators.MultiplyTwoNumberTest@6b26e945]" started-at="2025-07-26T00:33:04 GET" name="restoreStream" finished-at="2025-07-26T00:33:04 GET" duration-ms="0" status="PASS">
          <reporter-output>
          </reporter-output>
        </test-method> <!-- restoreStream -->
        <test-method is-config="true" signature="restoreStream()[pri:0, instance:operators.MultiplyTwoNumberTest@6b26e945]" started-at="2025-07-26T00:33:04 GET" name="restoreStream" finished-at="2025-07-26T00:33:04 GET" duration-ms="0" status="PASS">
          <reporter-output>
          </reporter-output>
        </test-method> <!-- restoreStream -->
        <test-method is-config="true" signature="setUpStreams()[pri:0, instance:operators.MultiplyTwoNumberTest@6b26e945]" started-at="2025-07-26T00:33:04 GET" name="setUpStreams" finished-at="2025-07-26T00:33:04 GET" duration-ms="0" status="PASS">
          <reporter-output>
          </reporter-output>
        </test-method> <!-- setUpStreams -->
      </class> <!-- operators.MultiplyTwoNumberTest -->
      <class name="operators.EqualTwoNumberTest">
        <test-method signature="positiveTest(java.lang.String,java.lang.String)[pri:0, instance:operators.EqualTwoNumberTest@4df50bcc]" started-at="2025-07-26T00:33:04 GET" name="positiveTest" data-provider="userData" finished-at="2025-07-26T00:33:04 GET" duration-ms="0" status="PASS">
          <params>
            <param index="0">
              <value>
                <![CDATA[10 10]]>
              </value>
            </param>
            <param index="1">
              <value>
                <![CDATA[true]]>
              </value>
            </param>
          </params>
          <reporter-output>
          </reporter-output>
        </test-method> <!-- positiveTest -->
        <test-method is-config="true" signature="setUpStream()[pri:0, instance:operators.EqualTwoNumberTest@4df50bcc]" started-at="2025-07-26T00:33:04 GET" name="setUpStream" finished-at="2025-07-26T00:33:04 GET" duration-ms="0" status="PASS">
          <reporter-output>
          </reporter-output>
        </test-method> <!-- setUpStream -->
        <test-method signature="positiveTest(java.lang.String,java.lang.String)[pri:0, instance:operators.EqualTwoNumberTest@4df50bcc]" started-at="2025-07-26T00:33:04 GET" name="positiveTest" data-provider="userData" finished-at="2025-07-26T00:33:04 GET" duration-ms="0" status="PASS">
          <params>
            <param index="0">
              <value>
                <![CDATA[10 20]]>
              </value>
            </param>
            <param index="1">
              <value>
                <![CDATA[false]]>
              </value>
            </param>
          </params>
          <reporter-output>
          </reporter-output>
        </test-method> <!-- positiveTest -->
        <test-method is-config="true" signature="setUpStream()[pri:0, instance:operators.EqualTwoNumberTest@4df50bcc]" started-at="2025-07-26T00:33:04 GET" name="setUpStream" finished-at="2025-07-26T00:33:04 GET" duration-ms="0" status="PASS">
          <reporter-output>
          </reporter-output>
        </test-method> <!-- setUpStream -->
        <test-method is-config="true" signature="restoreStream()[pri:0, instance:operators.EqualTwoNumberTest@4df50bcc]" started-at="2025-07-26T00:33:04 GET" name="restoreStream" finished-at="2025-07-26T00:33:04 GET" duration-ms="0" status="PASS">
          <reporter-output>
          </reporter-output>
        </test-method> <!-- restoreStream -->
        <test-method is-config="true" signature="restoreStream()[pri:0, instance:operators.EqualTwoNumberTest@4df50bcc]" started-at="2025-07-26T00:33:04 GET" name="restoreStream" finished-at="2025-07-26T00:33:04 GET" duration-ms="0" status="PASS">
          <reporter-output>
          </reporter-output>
        </test-method> <!-- restoreStream -->
      </class> <!-- operators.EqualTwoNumberTest -->
    </test> <!-- Surefire test -->
  </suite> <!-- Surefire suite -->
</testng-results>
