<?xml version="1.0" encoding="UTF-8"?>
<testsuite xmlns:xsi="http://www.w3.org/2001/XMLSchema-instance" xsi:noNamespaceSchemaLocation="https://maven.apache.org/surefire/maven-surefire-plugin/xsd/surefire-test-report-3.0.xsd" version="3.0" name="TestSuite" time="0.461" tests="70" errors="0" skipped="0" failures="1">
  <properties>
[...]
</properties>
  <testcase name="positiveTest[Очки: | 100 | 2, Очки: 200](1)" classname="basis.ConcatenationAndBonusTest" time="0.009">
    <system-err><![CDATA[SLF4J: Failed to load class "org.slf4j.impl.StaticLoggerBinder".
SLF4J: Defaulting to no-operation (NOP) logger implementation
SLF4J: See http://www.slf4j.org/codes.html#StaticLoggerBinder for further details.
]]></system-err>
  </testcase>
  <testcase name="positiveTest[Очки: | 200 | 2, Очки: 400](2)" classname="basis.ConcatenationAndBonusTest" time="0"/>
  <testcase name="positiveTest[Очки: | 100, Очки: 200](1)" classname="basis.ConcatenationAndMultiplyTest" time="0"/>
  <testcase name="positiveTest[Очки: | 200, Очки: 400](2)" classname="basis.ConcatenationAndMultiplyTest" time="0"/>
  <testcase name="positiveTest_WithSpaseAndSymbol" classname="basis.PrintWithDeleteSeparationTest" time="0"/>
  <testcase name="testReadInput_EmptyString" classname="basis.ReadInputTest" time="0"/>
  <testcase name="testReadInput_SingleLine" classname="basis.ReadInputTest" time="0"/>
  <testcase name="testReadInput_WithSpaces" classname="basis.ReadInputTest" time="0"/>
  <testcase name="positiveTest[6, true](1)" classname="managerStruct.DefineEvenAndSixTest" time="0.008"/>
  <testcase name="positiveTest[7, false](2)" classname="managerStruct.DefineEvenAndSixTest" time="0"/>
  <testcase name="positiveTest[12, true](3)" classname="managerStruct.DefineEvenAndSixTest" time="0.001"/>
  <testcase name="positiveTest[2 1 3, минимальное: 1, максимальное: 3](1)" classname="managerStruct.DefineMaxNumberTest" time="0.002"/>
  <testcase name="positiveTest[2 4 3, минимальное: 2, максимальное: 4](2)" classname="managerStruct.DefineMaxNumberTest" time="0"/>
  <testcase name="positiveTest" classname="managerStruct.DefineNotEvenAndSevenTest" time="0.003">
    <failure message="&#10;[public void managerStruct.DefineNotEvenAndSevenTest.positiveTest(int,java.lang.Boolean)] has no parameters defined but was found to be using a data provider (either explicitly specified or inherited from class level annotation).&#10;Data provider mismatch&#10;Method: positiveTest([int arg0, java.lang.Boolean arg1])&#10;Arguments: [(java.lang.String) 7,(java.lang.Boolean) true]" type="org.testng.internal.reflect.MethodMatcherException"><![CDATA[org.testng.internal.reflect.MethodMatcherException: 

[public void managerStruct.DefineNotEvenAndSevenTest.positiveTest(int,java.lang.Boolean)] has no parameters defined but was found to be using a data provider (either explicitly specified or inherited from class level annotation).
Data provider mismatch
Method: positiveTest([int arg0, java.lang.Boolean arg1])
Arguments: [(java.lang.String) 7,(java.lang.Boolean) true]
	at org.testng.internal.reflect.DataProviderMethodMatcher.getConformingArguments(DataProviderMethodMatcher.java:46)
	at org.testng.internal.Parameters.injectParameters(Parameters.java:909)
	at org.testng.internal.invokers.MethodRunner.runInSequence(MethodRunner.java:37)
	at org.testng.internal.invokers.TestInvoker$MethodInvocationAgent.invoke(TestInvoker.java:957)
	at org.testng.internal.invokers.TestInvoker.invokeTestMethods(TestInvoker.java:200)
	at org.testng.internal.invokers.TestMethodWorker.invokeTestMethods(TestMethodWorker.java:148)
	at org.testng.internal.invokers.TestMethodWorker.run(TestMethodWorker.java:128)
	at java.base/java.util.ArrayList.forEach(ArrayList.java:1511)
	at org.testng.TestRunner.privateRun(TestRunner.java:848)
	at org.testng.TestRunner.run(TestRunner.java:621)
	at org.testng.SuiteRunner.runTest(SuiteRunner.java:443)
	at org.testng.SuiteRunner.runSequentially(SuiteRunner.java:437)
	at org.testng.SuiteRunner.privateRun(SuiteRunner.java:397)
	at org.testng.SuiteRunner.run(SuiteRunner.java:336)
	at org.testng.SuiteRunnerWorker.runSuite(SuiteRunnerWorker.java:52)
	at org.testng.SuiteRunnerWorker.run(SuiteRunnerWorker.java:95)
	at org.testng.TestNG.runSuitesSequentially(TestNG.java:1280)
	at org.testng.TestNG.runSuitesLocally(TestNG.java:1200)
	at org.testng.TestNG.runSuites(TestNG.java:1114)
	at org.testng.TestNG.run(TestNG.java:1082)
	at org.apache.maven.surefire.testng.TestNGExecutor.run(TestNGExecutor.java:151)
	at org.apache.maven.surefire.testng.TestNGDirectoryTestSuite.executeMulti(TestNGDirectoryTestSuite.java:192)
	at org.apache.maven.surefire.testng.TestNGDirectoryTestSuite.execute(TestNGDirectoryTestSuite.java:93)
	at org.apache.maven.surefire.testng.TestNGProvider.invoke(TestNGProvider.java:155)
	at org.apache.maven.surefire.booter.ForkedBooter.runSuitesInProcess(ForkedBooter.java:456)
	at org.apache.maven.surefire.booter.ForkedBooter.execute(ForkedBooter.java:169)
	at org.apache.maven.surefire.booter.ForkedBooter.run(ForkedBooter.java:595)
	at org.apache.maven.surefire.booter.ForkedBooter.main(ForkedBooter.java:581)
]]></failure>
  </testcase>
  <testcase name="directTest[2, Число позитивное](1)" classname="managerStruct.defineNumberIsNegativeTest" time="0"/>
  <testcase name="directTest[-100, Число негативное](2)" classname="managerStruct.defineNumberIsNegativeTest" time="0.001"/>
  <testcase name="directTest[0, Число равно 0](3)" classname="managerStruct.defineNumberIsNegativeTest" time="0"/>
  <testcase name="inputNotNumber" classname="managerStruct.defineNumberIsNegativeTest" time="0"/>
  <testcase name="emptyInputTest" classname="managerStruct.DirectionPlayerTest" time="0"/>
  <testcase name="negativeTest_inputNotNumber[99 one up](1)" classname="managerStruct.DirectionPlayerTest" time="0.004"/>
  <testcase name="negativeTest_inputNotNumber[two 12 down](2)" classname="managerStruct.DirectionPlayerTest" time="0.001"/>
  <testcase name="negativeTest_inputNotNumber[99 12 revert](3)" classname="managerStruct.DirectionPlayerTest" time="0"/>
  <testcase name="validTest_insideSquare[99    99 down, x: 99, y: 100, direction: down, inside](1)" classname="managerStruct.DirectionPlayerTest" time="0.001"/>
  <testcase name="validTest_insideSquare[1 1 left, x: 0, y: 1, direction: left, inside](2)" classname="managerStruct.DirectionPlayerTest" time="0.001"/>
  <testcase name="validTest_insideSquare[99 100 down, x: 99, y: 100, direction: down, outside](3)" classname="managerStruct.DirectionPlayerTest" time="0"/>
  <testcase name="validTest_insideSquare[0 1     left, x: 0, y: 1, direction: left, outside](4)" classname="managerStruct.DirectionPlayerTest" time="0"/>
  <testcase name="directCheck[3, 3](1)" classname="managerStruct.MultiplyOddUpToTest" time="0"/>
  <testcase name="directCheck[5, 15](2)" classname="managerStruct.MultiplyOddUpToTest" time="0.001"/>
  <testcase name="directCheck[7, 105](3)" classname="managerStruct.MultiplyOddUpToTest" time="0"/>
  <testcase name="directCheck[8, 105](4)" classname="managerStruct.MultiplyOddUpToTest" time="0.001"/>
  <testcase name="inputNotValidData[one, Input a string](1)" classname="managerStruct.MultiplyOddUpToTest" time="0.001"/>
  <testcase name="inputNotValidData[&#10;, Input empty string](2)" classname="managerStruct.MultiplyOddUpToTest" time="0"/>
  <testcase name="inputNotValidData[-7, Number must be positive](3)" classname="managerStruct.MultiplyOddUpToTest" time="0.001"/>
  <testcase name="positiveTest[1, ★](1)" classname="managerStruct.PrintStarsTest" time="0"/>
  <testcase name="positiveTest[5, ★★★★★](2)" classname="managerStruct.PrintStarsTest" time="0"/>
  <testcase name="positiveTest[0, ](3)" classname="managerStruct.PrintStarsTest" time="0"/>
  <testcase name="directCheck[3, 4](1)" classname="managerStruct.SumAllNotEvenNumberTest" time="0"/>
  <testcase name="directCheck[5, 9](2)" classname="managerStruct.SumAllNotEvenNumberTest" time="0.001"/>
  <testcase name="inputNotValidData[one, Input a string](1)" classname="managerStruct.SumAllNotEvenNumberTest" time="0"/>
  <testcase name="inputNotValidData[&#10;, Input empty string](2)" classname="managerStruct.SumAllNotEvenNumberTest" time="0"/>
  <testcase name="inputNotValidData[8, Input even number](3)" classname="managerStruct.SumAllNotEvenNumberTest" time="0.001"/>
  <testcase name="positiveTest[2 2, 4](1)" classname="operators.AdditionalTwoNumberTest" time="0.005"/>
  <testcase name="positiveTest[18, взрослый](1)" classname="operators.DefineGroupAgeTest" time="0"/>
  <testcase name="positiveTest[21, взрослый](2)" classname="operators.DefineGroupAgeTest" time="0"/>
  <testcase name="positiveTest[14, подросток](3)" classname="operators.DefineGroupAgeTest" time="0.001"/>
  <testcase name="divideByZeroThrows" classname="operators.DivisionTwoNumberTest" time="0.001"/>
  <testcase name="positiveTest[4 2, 2](1)" classname="operators.DivisionTwoNumberTest" time="0"/>
  <testcase name="positiveTest[8 5, 1.6](2)" classname="operators.DivisionTwoNumberTest" time="0"/>
  <testcase name="positiveTest[10 + 5, 15](1)" classname="operators.DoAdditionalOrDivisionTest" time="0"/>
  <testcase name="positiveTest[11 - 5, 6](2)" classname="operators.DoAdditionalOrDivisionTest" time="0"/>
  <testcase name="testWithMissSign" classname="operators.DoAdditionalOrDivisionTest" time="0"/>
  <testcase name="divisionByZeroTest" classname="operators.DoMultiplyOrDivisionTest" time="0"/>
  <testcase name="positiveTest[2 x 3, 6](1)" classname="operators.DoMultiplyOrDivisionTest" time="0"/>
  <testcase name="positiveTest[4 / 2, 2](2)" classname="operators.DoMultiplyOrDivisionTest" time="0"/>
  <testcase name="testReadInput_wrongSign" classname="operators.DoMultiplyOrDivisionTest" time="0"/>
  <testcase name="testWithMissSign" classname="operators.DoMultiplyOrDivisionTest" time="0"/>
  <testcase name="positiveTest[10 10, true](1)" classname="operators.EqualTwoNumberTest" time="0.001"/>
  <testcase name="positiveTest[10 20, false](2)" classname="operators.EqualTwoNumberTest" time="0"/>
  <testcase name="positiveTest[2 2, 4](1)" classname="operators.MultiplyTwoNumberTest" time="0"/>
  <testcase name="positiveTest[3 4, 12](2)" classname="operators.MultiplyTwoNumberTest" time="0"/>
  <testcase name="positiveTest[5 2, 1](1)" classname="operators.RemainderByDivisionTest" time="0"/>
  <testcase name="positiveTest[12 6, 0](2)" classname="operators.RemainderByDivisionTest" time="0.001"/>
  <testcase name="positiveTest[1, admin](1)" classname="operators.ResultMyRoleTest" time="0.001"/>
  <testcase name="positiveTest[2, moderator](2)" classname="operators.ResultMyRoleTest" time="0.001"/>
  <testcase name="positiveTest[3, user](3)" classname="operators.ResultMyRoleTest" time="0"/>
  <testcase name="positiveTest[17, guest](4)" classname="operators.ResultMyRoleTest" time="0"/>
  <testcase name="positiveTest[5 2, 3](1)" classname="operators.SubtractionTwoNumberTest" time="0.001"/>
  <testcase name="positiveTest[2 5, -3](2)" classname="operators.SubtractionTwoNumberTest" time="0"/>
  <testcase name="positiveTest[1, 60](1)" classname="operators.TranslateMinPerSecTest" time="0"/>
  <testcase name="positiveTest[6, 360](2)" classname="operators.TranslateMinPerSecTest" time="0"/>
</testsuite>