<?xml version="1.0" encoding="UTF-8"?>
<testng-results ignored="0" total="1" passed="1" failed="0" skipped="0">
  <reporter-output>
  </reporter-output>
  <suite started-at="2025-07-21T23:18:43 GET" name="Surefire suite" finished-at="2025-07-21T23:18:43 GET" duration-ms="23">
    <groups>
    </groups>
    <test started-at="2025-07-21T23:18:43 GET" name="Surefire test" finished-at="2025-07-21T23:18:43 GET" duration-ms="23">
      <class name="basis.PrintWithDeleteSeparationTest">
        <test-method is-config="true" signature="setUpStreams()[pri:0, instance:basis.PrintWithDeleteSeparationTest@258e2e41]" started-at="2025-07-21T23:18:43 GET" name="setUpStreams" finished-at="2025-07-21T23:18:43 GET" duration-ms="3" status="PASS">
          <reporter-output>
          </reporter-output>
        </test-method> <!-- setUpStreams -->
        <test-method signature="positiveTest_WithSpaseAndSymbol()[pri:0, instance:basis.PrintWithDeleteSeparationTest@258e2e41]" started-at="2025-07-21T23:18:43 GET" name="positiveTest_WithSpaseAndSymbol" finished-at="2025-07-21T23:18:43 GET" duration-ms="7" status="PASS">
          <reporter-output>
          </reporter-output>
        </test-method> <!-- positiveTest_WithSpaseAndSymbol -->
        <test-method is-config="true" signature="restoreStreams()[pri:0, instance:basis.PrintWithDeleteSeparationTest@258e2e41]" started-at="2025-07-21T23:18:43 GET" name="restoreStreams" finished-at="2025-07-21T23:18:43 GET" duration-ms="0" status="PASS">
          <reporter-output>
          </reporter-output>
        </test-method> <!-- restoreStreams -->
      </class> <!-- basis.PrintWithDeleteSeparationTest -->
    </test> <!-- Surefire test -->
  </suite> <!-- Surefire suite -->
</testng-results>
