<?xml version="1.0" encoding="UTF-8"?>
<!-- Generated by org.testng.reporters.JUnitReportReporter -->
<testsuite hostname="DESKTOP-T1KV3L6" failures="0" tests="5" name="operators.DoMultiplyOrDivisionTest" time="0.003" errors="0" timestamp="2025-07-26T00:33:04 GET" skipped="0">
  <testcase classname="operators.DoMultiplyOrDivisionTest" name="testWithMissSign" time="0.001"/>
  <testcase classname="operators.DoMultiplyOrDivisionTest" name="positiveTest" time="0.001"/>
  <testcase classname="operators.DoMultiplyOrDivisionTest" name="testReadInput_wrongSign" time="0.001"/>
  <testcase classname="operators.DoMultiplyOrDivisionTest" name="positiveTest" time="0.000"/>
  <testcase classname="operators.DoMultiplyOrDivisionTest" name="divisionByZeroTest" time="0.000"/>
</testsuite> <!-- operators.DoMultiplyOrDivisionTest -->
