<?xml version="1.0" encoding="UTF-8"?>
<!-- Generated by org.testng.reporters.JUnitReportReporter -->
<testsuite hostname="DESKTOP-T1KV3L6" failures="0" tests="3" name="basis.BasisTest" time="0.008" errors="0" timestamp="2025-07-21T22:26:52 GET" skipped="0">
  <testcase classname="basis.BasisTest" name="testReadInput_WithSpaces" time="0.003"/>
  <testcase classname="basis.BasisTest" name="testReadInput_EmptyString" time="0.004"/>
  <testcase classname="basis.BasisTest" name="testReadInput_SingleLine" time="0.001"/>
</testsuite> <!-- basis.BasisTest -->
