<?xml version="1.0" encoding="UTF-8"?>
<!-- Generated by org.testng.reporters.JUnitReportReporter -->
<testsuite hostname="DESKTOP-T1KV3L6" failures="0" tests="3" name="managerStruct.DefineEvenAndSixTest" time="0.010" errors="0" timestamp="2025-07-26T00:33:05 GET" skipped="0">
  <testcase classname="managerStruct.DefineEvenAndSixTest" name="positiveTest" time="0.001"/>
  <testcase classname="managerStruct.DefineEvenAndSixTest" name="positiveTest" time="0.001"/>
  <testcase classname="managerStruct.DefineEvenAndSixTest" name="positiveTest" time="0.008"/>
</testsuite> <!-- managerStruct.DefineEvenAndSixTest -->
