<?xml version="1.0" encoding="UTF-8"?>
<!-- Generated by org.testng.reporters.JUnitReportReporter -->
<testsuite hostname="DESKTOP-T1KV3L6" failures="0" tests="7" name="managerStruct.MultiplyOddUpToTest" time="0.003" errors="0" timestamp="2025-07-26T00:33:05 GET" skipped="0">
  <testcase classname="managerStruct.MultiplyOddUpToTest" name="directCheck" time="0.000"/>
  <testcase classname="managerStruct.MultiplyOddUpToTest" name="inputNotValidData" time="0.000"/>
  <testcase classname="managerStruct.MultiplyOddUpToTest" name="directCheck" time="0.001"/>
  <testcase classname="managerStruct.MultiplyOddUpToTest" name="inputNotValidData" time="0.001"/>
  <testcase classname="managerStruct.MultiplyOddUpToTest" name="inputNotValidData" time="0.000"/>
  <testcase classname="managerStruct.MultiplyOddUpToTest" name="directCheck" time="0.001"/>
  <testcase classname="managerStruct.MultiplyOddUpToTest" name="directCheck" time="0.000"/>
</testsuite> <!-- managerStruct.MultiplyOddUpToTest -->
