<?xml version="1.0" encoding="UTF-8"?>
<!-- Generated by org.testng.reporters.JUnitReportReporter -->
<testsuite hostname="DESKTOP-T1KV3L6" failures="0" tests="3" name="basis.readInputTest" time="0.001" errors="0" timestamp="2025-07-21T23:06:16 GET" skipped="0">
  <testcase classname="basis.readInputTest" name="testReadInput_EmptyString" time="0.001"/>
  <testcase classname="basis.readInputTest" name="testReadInput_SingleLine" time="0.000"/>
  <testcase classname="basis.readInputTest" name="testReadInput_WithSpaces" time="0.000"/>
</testsuite> <!-- basis.readInputTest -->
