<?xml version="1.0" encoding="UTF-8"?>
<!-- Generated by org.testng.reporters.JUnitReportReporter -->
<testsuite hostname="DESKTOP-T1KV3L6" failures="0" tests="8" name="managerStruct.DirectionPlayerTest" time="0.007" errors="0" timestamp="2025-07-26T00:33:05 GET" skipped="0">
  <testcase classname="managerStruct.DirectionPlayerTest" name="validTest_insideSquare" time="0.000"/>
  <testcase classname="managerStruct.DirectionPlayerTest" name="validTest_insideSquare" time="0.001"/>
  <testcase classname="managerStruct.DirectionPlayerTest" name="negativeTest_inputNotNumber" time="0.000"/>
  <testcase classname="managerStruct.DirectionPlayerTest" name="negativeTest_inputNotNumber" time="0.000"/>
  <testcase classname="managerStruct.DirectionPlayerTest" name="validTest_insideSquare" time="0.000"/>
  <testcase classname="managerStruct.DirectionPlayerTest" name="negativeTest_inputNotNumber" time="0.005"/>
  <testcase classname="managerStruct.DirectionPlayerTest" name="emptyInputTest" time="0.000"/>
  <testcase classname="managerStruct.DirectionPlayerTest" name="validTest_insideSquare" time="0.001"/>
</testsuite> <!-- managerStruct.DirectionPlayerTest -->
